Using pre-set license
Built from '2020.2/staging' branch; Version is '2020.2.5f1 (e2c53f129de5) revision 14861631'; Using compiler version '192528614'; Build Type 'Release'
OS: 'Windows 10 Pro; OS build 19041.867; Version 2004; 64bit' Language: 'es' Physical Memory: 24524 MB
BatchMode: 1, IsHumanControllingUs: 0, StartBugReporterOnCrash: 0, Is64bit: 1, IsPro: 0

 COMMAND LINE ARGUMENTS:
Z:\Unity\Unity\2020.2.5f1\Editor\Unity.exe
-adb2
-batchMode
-noUpm
-name
AssetImportWorker0
-projectPath
D:/UdG/TFG/Pawn Sacrifice
-logFile
Logs/AssetImportWorker0.log
-srvPort
52470
Successfully changed project path to: D:/UdG/TFG/Pawn Sacrifice
D:/UdG/TFG/Pawn Sacrifice
Using Asset Import Pipeline V2.
Refreshing native plugins compatible for Editor in 28.74 ms, found 0 plugins.
Preloading 0 native plugins for Editor in 0.00 ms.
Initialize engine version: 2020.2.5f1 (e2c53f129de5)
[Subsystems] Discovering subsystems at path Z:/Unity/Unity/2020.2.5f1/Editor/Data/Resources/UnitySubsystems
[Subsystems] Discovering subsystems at path D:/UdG/TFG/Pawn Sacrifice/Assets
GfxDevice: creating device client; threaded=0
Direct3D:
    Version:  Direct3D 11.0 [level 11.1]
    Renderer: NVIDIA GeForce RTX 2070 (ID=0x1f02)
    Vendor:   
    VRAM:     8031 MB
    Driver:   27.21.14.6589
Initialize mono
Mono path[0] = 'Z:/Unity/Unity/2020.2.5f1/Editor/Data/Managed'
Mono path[1] = 'Z:/Unity/Unity/2020.2.5f1/Editor/Data/MonoBleedingEdge/lib/mono/unityjit'
Mono config path = 'Z:/Unity/Unity/2020.2.5f1/Editor/Data/MonoBleedingEdge/etc'
Using monoOptions --debugger-agent=transport=dt_socket,embedding=1,server=y,suspend=n,address=127.0.0.1:56952
Begin MonoManager ReloadAssembly
Registering precompiled unity dll's ...
Register platform support module: Z:/Unity/Unity/2020.2.5f1/Editor/Data/PlaybackEngines/WebGLSupport/UnityEditor.WebGL.Extensions.dll
Register platform support module: Z:/Unity/Unity/2020.2.5f1/Editor/Data/PlaybackEngines/WindowsStandaloneSupport/UnityEditor.WindowsStandalone.Extensions.dll
Registered in 0.002139 seconds.
Native extension for WindowsStandalone target not found
Native extension for WebGL target not found
Refreshing native plugins compatible for Editor in 28.74 ms, found 0 plugins.
Preloading 0 native plugins for Editor in 0.00 ms.
Invoked RoslynAnalysisRunner static constructor.
RoslynAnalysisRunner will not be running.
RoslynAnalysisRunner has terminated.
Mono: successfully reloaded assembly
- Completed reload, in  1.677 seconds
Platform modules already initialized, skipping
Registering precompiled user dll's ...
Registered in 0.000880 seconds.
Begin MonoManager ReloadAssembly
Native extension for WindowsStandalone target not found
Native extension for WebGL target not found
Refreshing native plugins compatible for Editor in 0.24 ms, found 0 plugins.
Preloading 0 native plugins for Editor in 0.00 ms.
Invoked RoslynAnalysisRunner static constructor.
RoslynAnalysisRunner will not be running.
RoslynAnalysisRunner has terminated.
Mono: successfully reloaded assembly
- Completed reload, in  0.972 seconds
Platform modules already initialized, skipping
========================================================================
Worker process is ready to serve import requests
Launched and connected shader compiler UnityShaderCompiler.exe after 0.05 seconds
Refreshing native plugins compatible for Editor in 0.23 ms, found 0 plugins.
Preloading 0 native plugins for Editor in 0.00 ms.
Unloading 1182 Unused Serialized files (Serialized files now loaded: 0)
System memory in use before: 59.1 MB.
System memory in use after: 59.2 MB.

Unloading 13 unused Assets to reduce memory usage. Loaded Objects now: 1628.
Total: 1.835800 ms (FindLiveObjects: 0.177200 ms CreateObjectMapping: 0.033400 ms MarkObjects: 1.558800 ms  DeleteObjects: 0.065500 ms)

========================================================================
Received Import Request.
  path: Assets/Prefabs/Weapons/wand.prefab
  artifactKey: Guid(d95c4406d068ec74d9cb8fd83578b97d) Importer(815301076,1909f56bfc062723c751e8b465ee728b)
Start importing Assets/Prefabs/Weapons/wand.prefab using Guid(d95c4406d068ec74d9cb8fd83578b97d) Importer(815301076,1909f56bfc062723c751e8b465ee728b)  -> (artifact id: '8b2365974387e527ee50f264b36fdab1') in 0.112471 seconds
  Import took 0.115134 seconds .

========================================================================
Received Import Request.
  Time since last request: 5.180749 seconds.
  path: Assets/Scripts/Weapons/Projectiles/ProjectileHit.cs
  artifactKey: Guid(f004099c86c5f89459ce7753a3b4c3ed) Importer(815301076,1909f56bfc062723c751e8b465ee728b)
Start importing Assets/Scripts/Weapons/Projectiles/ProjectileHit.cs using Guid(f004099c86c5f89459ce7753a3b4c3ed) Importer(815301076,1909f56bfc062723c751e8b465ee728b)  -> (artifact id: '40d95c5a333b09e5c6ddf78ad1c1e806') in 0.015104 seconds
  Import took 0.017614 seconds .

========================================================================
Received Import Request.
  Time since last request: 0.001021 seconds.
  path: Assets/Scripts/Weapons/Projectiles/ProjectileHit.cs
  artifactKey: Guid(f004099c86c5f89459ce7753a3b4c3ed) Importer(815301076,1909f56bfc062723c751e8b465ee728b)
Start importing Assets/Scripts/Weapons/Projectiles/ProjectileHit.cs using Guid(f004099c86c5f89459ce7753a3b4c3ed) Importer(815301076,1909f56bfc062723c751e8b465ee728b)  -> (artifact id: '40d95c5a333b09e5c6ddf78ad1c1e806') in 0.004121 seconds
  Import took 0.006853 seconds .

========================================================================
Received Import Request.
  Time since last request: 4112.229796 seconds.
  path: Assets/Scripts/Enemies
  artifactKey: Guid(2d3fcc62f88c95b4c82b5647e1dc3b95) Importer(815301076,1909f56bfc062723c751e8b465ee728b)
Start importing Assets/Scripts/Enemies using Guid(2d3fcc62f88c95b4c82b5647e1dc3b95) Importer(815301076,1909f56bfc062723c751e8b465ee728b)  -> (artifact id: '2d57ef57f75c63dacfb9c46520e30b7f') in 0.005641 seconds
  Import took 0.008282 seconds .

========================================================================
Received Import Request.
  Time since last request: 17.143122 seconds.
  path: Assets/Scripts/Enemies/EnemyGetHit.cs
  artifactKey: Guid(75f35092d2ad50e4db65494337675440) Importer(815301076,1909f56bfc062723c751e8b465ee728b)
Start importing Assets/Scripts/Enemies/EnemyGetHit.cs using Guid(75f35092d2ad50e4db65494337675440) Importer(815301076,1909f56bfc062723c751e8b465ee728b)  -> (artifact id: 'e1094860d6fc4f3484245e246d307ddd') in 0.005952 seconds
  Import took 0.008657 seconds .

========================================================================
Received Prepare
Registering precompiled user dll's ...
Registered in 0.000905 seconds.
Begin MonoManager ReloadAssembly
Native extension for WindowsStandalone target not found
Native extension for WebGL target not found
Refreshing native plugins compatible for Editor in 0.27 ms, found 0 plugins.
Preloading 0 native plugins for Editor in 0.00 ms.
Invoked RoslynAnalysisRunner static constructor.
RoslynAnalysisRunner will not be running.
RoslynAnalysisRunner has terminated.
Mono: successfully reloaded assembly
- Completed reload, in  1.059 seconds
Platform modules already initialized, skipping
Refreshing native plugins compatible for Editor in 0.35 ms, found 0 plugins.
Preloading 0 native plugins for Editor in 0.00 ms.
Unloading 1178 Unused Serialized files (Serialized files now loaded: 0)
System memory in use before: 62.3 MB.
System memory in use after: 62.4 MB.

Unloading 4 unused Assets to reduce memory usage. Loaded Objects now: 1638.
Total: 1.885000 ms (FindLiveObjects: 0.174600 ms CreateObjectMapping: 0.031600 ms MarkObjects: 1.660600 ms  DeleteObjects: 0.016300 ms)

========================================================================
Received Import Request.
  Time since last request: 1809.085694 seconds.
  path: Assets/Scripts/Enemies/EnemyGetHit.cs
  artifactKey: Guid(75f35092d2ad50e4db65494337675440) Importer(815301076,1909f56bfc062723c751e8b465ee728b)
Start importing Assets/Scripts/Enemies/EnemyGetHit.cs using Guid(75f35092d2ad50e4db65494337675440) Importer(815301076,1909f56bfc062723c751e8b465ee728b)  -> (artifact id: '8948592fbb1884adb4dd97586831f598') in 0.008707 seconds
  Import took 0.011795 seconds .

========================================================================
Received Import Request.
  Time since last request: 1853.000555 seconds.
  path: Assets/Scripts/Weapons/WeaponAttack.cs
  artifactKey: Guid(e3a8f7dcd533cca47990222307fdf5cc) Importer(815301076,1909f56bfc062723c751e8b465ee728b)
Start importing Assets/Scripts/Weapons/WeaponAttack.cs using Guid(e3a8f7dcd533cca47990222307fdf5cc) Importer(815301076,1909f56bfc062723c751e8b465ee728b)  -> (artifact id: '4bf8cd272b616d5d5d698ab0c449e861') in 0.004789 seconds
  Import took 0.007251 seconds .

========================================================================
Received Import Request.
  Time since last request: 0.031343 seconds.
  path: Assets/Scripts/Weapons/WeaponAttack.cs
  artifactKey: Guid(e3a8f7dcd533cca47990222307fdf5cc) Importer(815301076,1909f56bfc062723c751e8b465ee728b)
Start importing Assets/Scripts/Weapons/WeaponAttack.cs using Guid(e3a8f7dcd533cca47990222307fdf5cc) Importer(815301076,1909f56bfc062723c751e8b465ee728b)  -> (artifact id: '4bf8cd272b616d5d5d698ab0c449e861') in 0.003834 seconds
  Import took 0.006179 seconds .

========================================================================
Received Prepare
Registering precompiled user dll's ...
Registered in 0.000971 seconds.
Begin MonoManager ReloadAssembly
Native extension for WindowsStandalone target not found
Native extension for WebGL target not found
Refreshing native plugins compatible for Editor in 0.29 ms, found 0 plugins.
Preloading 0 native plugins for Editor in 0.00 ms.
Invoked RoslynAnalysisRunner static constructor.
RoslynAnalysisRunner will not be running.
RoslynAnalysisRunner has terminated.
Mono: successfully reloaded assembly
- Completed reload, in  0.918 seconds
Platform modules already initialized, skipping
Refreshing native plugins compatible for Editor in 0.24 ms, found 0 plugins.
Preloading 0 native plugins for Editor in 0.00 ms.
Unloading 1178 Unused Serialized files (Serialized files now loaded: 0)
System memory in use before: 62.3 MB.
System memory in use after: 62.4 MB.

Unloading 4 unused Assets to reduce memory usage. Loaded Objects now: 1640.
Total: 1.942100 ms (FindLiveObjects: 0.169400 ms CreateObjectMapping: 0.032500 ms MarkObjects: 1.718800 ms  DeleteObjects: 0.019600 ms)

========================================================================
Received Import Request.
  Time since last request: 35.050089 seconds.
  path: Assets/Scripts/Weapons/WeaponAttack.cs
  artifactKey: Guid(e3a8f7dcd533cca47990222307fdf5cc) Importer(815301076,1909f56bfc062723c751e8b465ee728b)
Start importing Assets/Scripts/Weapons/WeaponAttack.cs using Guid(e3a8f7dcd533cca47990222307fdf5cc) Importer(815301076,1909f56bfc062723c751e8b465ee728b)  -> (artifact id: '7053e423d410fa38428a411bf7aa6074') in 0.006277 seconds
  Import took 0.008626 seconds .

========================================================================
Received Prepare
Registering precompiled user dll's ...
Registered in 0.000904 seconds.
Begin MonoManager ReloadAssembly
Native extension for WindowsStandalone target not found
Native extension for WebGL target not found
Refreshing native plugins compatible for Editor in 0.25 ms, found 0 plugins.
Preloading 0 native plugins for Editor in 0.00 ms.
Invoked RoslynAnalysisRunner static constructor.
RoslynAnalysisRunner will not be running.
RoslynAnalysisRunner has terminated.
Mono: successfully reloaded assembly
- Completed reload, in  0.900 seconds
Platform modules already initialized, skipping
Refreshing native plugins compatible for Editor in 0.24 ms, found 0 plugins.
Preloading 0 native plugins for Editor in 0.00 ms.
Unloading 1178 Unused Serialized files (Serialized files now loaded: 0)
System memory in use before: 62.3 MB.
System memory in use after: 62.4 MB.

Unloading 4 unused Assets to reduce memory usage. Loaded Objects now: 1642.
Total: 1.877600 ms (FindLiveObjects: 0.168200 ms CreateObjectMapping: 0.033200 ms MarkObjects: 1.655200 ms  DeleteObjects: 0.019700 ms)

