Using pre-set license
Built from '2020.2/staging' branch; Version is '2020.2.5f1 (e2c53f129de5) revision 14861631'; Using compiler version '192528614'; Build Type 'Release'
OS: 'Windows 10 Pro; OS build 19041.867; Version 2004; 64bit' Language: 'es' Physical Memory: 24524 MB
BatchMode: 1, IsHumanControllingUs: 0, StartBugReporterOnCrash: 0, Is64bit: 1, IsPro: 0

 COMMAND LINE ARGUMENTS:
Z:\Unity\Unity\2020.2.5f1\Editor\Unity.exe
-adb2
-batchMode
-noUpm
-name
AssetImportWorker0
-projectPath
D:/UdG/TFG/Pawn Sacrifice
-logFile
Logs/AssetImportWorker0.log
-srvPort
60676
Successfully changed project path to: D:/UdG/TFG/Pawn Sacrifice
D:/UdG/TFG/Pawn Sacrifice
Using Asset Import Pipeline V2.
Refreshing native plugins compatible for Editor in 30.09 ms, found 0 plugins.
Preloading 0 native plugins for Editor in 0.00 ms.
Initialize engine version: 2020.2.5f1 (e2c53f129de5)
[Subsystems] Discovering subsystems at path Z:/Unity/Unity/2020.2.5f1/Editor/Data/Resources/UnitySubsystems
[Subsystems] Discovering subsystems at path D:/UdG/TFG/Pawn Sacrifice/Assets
GfxDevice: creating device client; threaded=0
Direct3D:
    Version:  Direct3D 11.0 [level 11.1]
    Renderer: NVIDIA GeForce RTX 2070 (ID=0x1f02)
    Vendor:   
    VRAM:     8031 MB
    Driver:   27.21.14.6611
Initialize mono
Mono path[0] = 'Z:/Unity/Unity/2020.2.5f1/Editor/Data/Managed'
Mono path[1] = 'Z:/Unity/Unity/2020.2.5f1/Editor/Data/MonoBleedingEdge/lib/mono/unityjit'
Mono config path = 'Z:/Unity/Unity/2020.2.5f1/Editor/Data/MonoBleedingEdge/etc'
Using monoOptions --debugger-agent=transport=dt_socket,embedding=1,server=y,suspend=n,address=127.0.0.1:56328
Begin MonoManager ReloadAssembly
Registering precompiled unity dll's ...
Register platform support module: Z:/Unity/Unity/2020.2.5f1/Editor/Data/PlaybackEngines/WebGLSupport/UnityEditor.WebGL.Extensions.dll
Register platform support module: Z:/Unity/Unity/2020.2.5f1/Editor/Data/PlaybackEngines/WindowsStandaloneSupport/UnityEditor.WindowsStandalone.Extensions.dll
Registered in 0.001987 seconds.
Native extension for WindowsStandalone target not found
Native extension for WebGL target not found
Refreshing native plugins compatible for Editor in 29.64 ms, found 0 plugins.
Preloading 0 native plugins for Editor in 0.00 ms.
Invoked RoslynAnalysisRunner static constructor.
RoslynAnalysisRunner will not be running.
RoslynAnalysisRunner has terminated.
Mono: successfully reloaded assembly
- Completed reload, in  1.694 seconds
Platform modules already initialized, skipping
Registering precompiled user dll's ...
Registered in 0.000895 seconds.
Begin MonoManager ReloadAssembly
Native extension for WindowsStandalone target not found
Native extension for WebGL target not found
Refreshing native plugins compatible for Editor in 0.25 ms, found 0 plugins.
Preloading 0 native plugins for Editor in 0.00 ms.
Invoked RoslynAnalysisRunner static constructor.
RoslynAnalysisRunner will not be running.
RoslynAnalysisRunner has terminated.
Mono: successfully reloaded assembly
- Completed reload, in  0.956 seconds
Platform modules already initialized, skipping
========================================================================
Worker process is ready to serve import requests
Launched and connected shader compiler UnityShaderCompiler.exe after 0.08 seconds
Refreshing native plugins compatible for Editor in 0.26 ms, found 0 plugins.
Preloading 0 native plugins for Editor in 0.00 ms.
Unloading 1184 Unused Serialized files (Serialized files now loaded: 0)
System memory in use before: 59.2 MB.
System memory in use after: 59.3 MB.

Unloading 13 unused Assets to reduce memory usage. Loaded Objects now: 1630.
Total: 1.829100 ms (FindLiveObjects: 0.160000 ms CreateObjectMapping: 0.032800 ms MarkObjects: 1.563000 ms  DeleteObjects: 0.072200 ms)

========================================================================
Received Import Request.
  path: Assets/Sprites/Abilities/backShield.png
  artifactKey: Guid(8dc54b34d967b9c46b3b34fd5b4f0e0a) Importer(815301076,1909f56bfc062723c751e8b465ee728b)
Start importing Assets/Sprites/Abilities/backShield.png using Guid(8dc54b34d967b9c46b3b34fd5b4f0e0a) Importer(815301076,1909f56bfc062723c751e8b465ee728b)  -> (artifact id: 'fd2951ce5f7cd6c580143a6577ee7d61') in 0.208260 seconds
  Import took 0.210736 seconds .

========================================================================
Received Import Request.
  Time since last request: 8.593668 seconds.
  path: Assets/Sprites/Abilities/backShield.png
  artifactKey: Guid(8dc54b34d967b9c46b3b34fd5b4f0e0a) Importer(815301076,1909f56bfc062723c751e8b465ee728b)
Start importing Assets/Sprites/Abilities/backShield.png using Guid(8dc54b34d967b9c46b3b34fd5b4f0e0a) Importer(815301076,1909f56bfc062723c751e8b465ee728b)  -> (artifact id: '14ba5f00c8d197c3468df63423c78964') in 0.010000 seconds
  Import took 0.012314 seconds .

========================================================================
Received Import Request.
  Time since last request: 0.007879 seconds.
  path: Assets/Sprites/Abilities/backShield.png
  artifactKey: Guid(8dc54b34d967b9c46b3b34fd5b4f0e0a) Importer(815301076,1909f56bfc062723c751e8b465ee728b)
Start importing Assets/Sprites/Abilities/backShield.png using Guid(8dc54b34d967b9c46b3b34fd5b4f0e0a) Importer(815301076,1909f56bfc062723c751e8b465ee728b)  -> (artifact id: '14ba5f00c8d197c3468df63423c78964') in 0.014951 seconds
  Import took 0.017581 seconds .

========================================================================
Received Import Request.
  Time since last request: 59.559170 seconds.
  path: Assets/Scripts/Abilities
  artifactKey: Guid(4aee83a580b86fd4ca901a96e366628f) Importer(815301076,1909f56bfc062723c751e8b465ee728b)
Start importing Assets/Scripts/Abilities using Guid(4aee83a580b86fd4ca901a96e366628f) Importer(815301076,1909f56bfc062723c751e8b465ee728b)  -> (artifact id: 'b10af7e0a78ffe7efd893c08557d892b') in 0.003682 seconds
  Import took 0.005964 seconds .

========================================================================
Received Import Request.
  Time since last request: 33.056295 seconds.
  path: Assets/Scripts/Abilities/BackShieldBehaviour.cs
  artifactKey: Guid(9161fd2571c46f54fa7e432ea1a9512a) Importer(815301076,1909f56bfc062723c751e8b465ee728b)
Start importing Assets/Scripts/Abilities/BackShieldBehaviour.cs using Guid(9161fd2571c46f54fa7e432ea1a9512a) Importer(815301076,1909f56bfc062723c751e8b465ee728b)  -> (artifact id: 'a9da7d2555a4e2e41d5a061759935f17') in 0.010694 seconds
  Import took 0.036573 seconds .

========================================================================
Received Prepare
Registering precompiled user dll's ...
Registered in 0.001151 seconds.
Begin MonoManager ReloadAssembly
Native extension for WindowsStandalone target not found
Native extension for WebGL target not found
Refreshing native plugins compatible for Editor in 0.27 ms, found 0 plugins.
Preloading 0 native plugins for Editor in 0.00 ms.
Invoked RoslynAnalysisRunner static constructor.
RoslynAnalysisRunner will not be running.
RoslynAnalysisRunner has terminated.
Mono: successfully reloaded assembly
- Completed reload, in  0.971 seconds
Platform modules already initialized, skipping
Refreshing native plugins compatible for Editor in 0.27 ms, found 0 plugins.
Preloading 0 native plugins for Editor in 0.00 ms.
Unloading 1180 Unused Serialized files (Serialized files now loaded: 0)
System memory in use before: 62.3 MB.
System memory in use after: 62.4 MB.

Unloading 4 unused Assets to reduce memory usage. Loaded Objects now: 1639.
Total: 1.941800 ms (FindLiveObjects: 0.155700 ms CreateObjectMapping: 0.032100 ms MarkObjects: 1.734900 ms  DeleteObjects: 0.018000 ms)

========================================================================
Received Prepare
Registering precompiled user dll's ...
Registered in 0.000883 seconds.
Begin MonoManager ReloadAssembly
Native extension for WindowsStandalone target not found
Native extension for WebGL target not found
Refreshing native plugins compatible for Editor in 0.24 ms, found 0 plugins.
Preloading 0 native plugins for Editor in 0.00 ms.
Invoked RoslynAnalysisRunner static constructor.
RoslynAnalysisRunner will not be running.
RoslynAnalysisRunner has terminated.
Mono: successfully reloaded assembly
- Completed reload, in  0.904 seconds
Platform modules already initialized, skipping
Refreshing native plugins compatible for Editor in 0.24 ms, found 0 plugins.
Preloading 0 native plugins for Editor in 0.00 ms.
Unloading 1180 Unused Serialized files (Serialized files now loaded: 0)
System memory in use before: 62.3 MB.
System memory in use after: 62.4 MB.

Unloading 4 unused Assets to reduce memory usage. Loaded Objects now: 1641.
Total: 1.677500 ms (FindLiveObjects: 0.151300 ms CreateObjectMapping: 0.032700 ms MarkObjects: 1.480200 ms  DeleteObjects: 0.012300 ms)

========================================================================
Received Import Request.
  Time since last request: 24.513080 seconds.
  path: Assets/Scripts/Abilities/BackShieldBehaviour.cs
  artifactKey: Guid(9161fd2571c46f54fa7e432ea1a9512a) Importer(815301076,1909f56bfc062723c751e8b465ee728b)
Start importing Assets/Scripts/Abilities/BackShieldBehaviour.cs using Guid(9161fd2571c46f54fa7e432ea1a9512a) Importer(815301076,1909f56bfc062723c751e8b465ee728b)  -> (artifact id: 'ba09d162a3bb4daea15327d0d9e9adeb') in 0.006481 seconds
  Import took 0.008863 seconds .

========================================================================
Received Import Request.
  Time since last request: 5.623043 seconds.
  path: Assets/Scripts/Weapons/WeaponMovement.cs
  artifactKey: Guid(6996da5364226e848a0a65e0f24d3f25) Importer(815301076,1909f56bfc062723c751e8b465ee728b)
Start importing Assets/Scripts/Weapons/WeaponMovement.cs using Guid(6996da5364226e848a0a65e0f24d3f25) Importer(815301076,1909f56bfc062723c751e8b465ee728b)  -> (artifact id: '10e1f293fef9c7ff05f0a6a0cd021013') in 0.016924 seconds
  Import took 0.019320 seconds .

========================================================================
Received Prepare
Registering precompiled user dll's ...
Registered in 0.000846 seconds.
Begin MonoManager ReloadAssembly
Native extension for WindowsStandalone target not found
Native extension for WebGL target not found
Refreshing native plugins compatible for Editor in 0.25 ms, found 0 plugins.
Preloading 0 native plugins for Editor in 0.00 ms.
Invoked RoslynAnalysisRunner static constructor.
RoslynAnalysisRunner will not be running.
RoslynAnalysisRunner has terminated.
Mono: successfully reloaded assembly
- Completed reload, in  0.887 seconds
Platform modules already initialized, skipping
Refreshing native plugins compatible for Editor in 0.25 ms, found 0 plugins.
Preloading 0 native plugins for Editor in 0.00 ms.
Unloading 1180 Unused Serialized files (Serialized files now loaded: 0)
System memory in use before: 62.3 MB.
System memory in use after: 62.4 MB.

Unloading 4 unused Assets to reduce memory usage. Loaded Objects now: 1643.
Total: 1.911300 ms (FindLiveObjects: 0.145600 ms CreateObjectMapping: 0.032300 ms MarkObjects: 1.717100 ms  DeleteObjects: 0.015100 ms)

========================================================================
Received Prepare
Registering precompiled user dll's ...
Registered in 0.000858 seconds.
Begin MonoManager ReloadAssembly
Native extension for WindowsStandalone target not found
Native extension for WebGL target not found
Refreshing native plugins compatible for Editor in 0.26 ms, found 0 plugins.
Preloading 0 native plugins for Editor in 0.00 ms.
Invoked RoslynAnalysisRunner static constructor.
RoslynAnalysisRunner will not be running.
RoslynAnalysisRunner has terminated.
Mono: successfully reloaded assembly
- Completed reload, in  0.886 seconds
Platform modules already initialized, skipping
Refreshing native plugins compatible for Editor in 0.24 ms, found 0 plugins.
Preloading 0 native plugins for Editor in 0.00 ms.
Unloading 1180 Unused Serialized files (Serialized files now loaded: 0)
System memory in use before: 62.4 MB.
System memory in use after: 62.4 MB.

Unloading 4 unused Assets to reduce memory usage. Loaded Objects now: 1645.
Total: 1.681700 ms (FindLiveObjects: 0.167800 ms CreateObjectMapping: 0.031700 ms MarkObjects: 1.467800 ms  DeleteObjects: 0.013700 ms)

========================================================================
Received Import Request.
  Time since last request: 207.471711 seconds.
  path: Assets/Scripts/Abilities/BackShieldBehaviour.cs
  artifactKey: Guid(9161fd2571c46f54fa7e432ea1a9512a) Importer(815301076,1909f56bfc062723c751e8b465ee728b)
Start importing Assets/Scripts/Abilities/BackShieldBehaviour.cs using Guid(9161fd2571c46f54fa7e432ea1a9512a) Importer(815301076,1909f56bfc062723c751e8b465ee728b)  -> (artifact id: '590fb552af9c7cfdae87bb0642106b16') in 0.005986 seconds
  Import took 0.008372 seconds .

========================================================================
Received Import Request.
  Time since last request: 0.004266 seconds.
  path: Assets/Scripts/Abilities/BackShieldBehaviour.cs
  artifactKey: Guid(9161fd2571c46f54fa7e432ea1a9512a) Importer(815301076,1909f56bfc062723c751e8b465ee728b)
Start importing Assets/Scripts/Abilities/BackShieldBehaviour.cs using Guid(9161fd2571c46f54fa7e432ea1a9512a) Importer(815301076,1909f56bfc062723c751e8b465ee728b)  -> (artifact id: '590fb552af9c7cfdae87bb0642106b16') in 0.003655 seconds
  Import took 0.005940 seconds .

========================================================================
Received Prepare
Registering precompiled user dll's ...
Registered in 0.000813 seconds.
Begin MonoManager ReloadAssembly
Native extension for WindowsStandalone target not found
Native extension for WebGL target not found
Refreshing native plugins compatible for Editor in 0.25 ms, found 0 plugins.
Preloading 0 native plugins for Editor in 0.00 ms.
Invoked RoslynAnalysisRunner static constructor.
RoslynAnalysisRunner will not be running.
RoslynAnalysisRunner has terminated.
Mono: successfully reloaded assembly
- Completed reload, in  0.900 seconds
Platform modules already initialized, skipping
Refreshing native plugins compatible for Editor in 0.25 ms, found 0 plugins.
Preloading 0 native plugins for Editor in 0.00 ms.
Unloading 1179 Unused Serialized files (Serialized files now loaded: 0)
System memory in use before: 62.3 MB.
System memory in use after: 62.4 MB.

Unloading 4 unused Assets to reduce memory usage. Loaded Objects now: 1647.
Total: 1.712300 ms (FindLiveObjects: 0.154600 ms CreateObjectMapping: 0.031400 ms MarkObjects: 1.511800 ms  DeleteObjects: 0.013400 ms)

========================================================================
Received Prepare
Registering precompiled user dll's ...
Registered in 0.000830 seconds.
Begin MonoManager ReloadAssembly
Native extension for WindowsStandalone target not found
Native extension for WebGL target not found
Refreshing native plugins compatible for Editor in 0.26 ms, found 0 plugins.
Preloading 0 native plugins for Editor in 0.00 ms.
Invoked RoslynAnalysisRunner static constructor.
RoslynAnalysisRunner will not be running.
RoslynAnalysisRunner has terminated.
Mono: successfully reloaded assembly
- Completed reload, in  0.916 seconds
Platform modules already initialized, skipping
Refreshing native plugins compatible for Editor in 0.24 ms, found 0 plugins.
Preloading 0 native plugins for Editor in 0.00 ms.
Unloading 1179 Unused Serialized files (Serialized files now loaded: 0)
System memory in use before: 62.3 MB.
System memory in use after: 62.4 MB.

Unloading 4 unused Assets to reduce memory usage. Loaded Objects now: 1649.
Total: 1.820900 ms (FindLiveObjects: 0.169700 ms CreateObjectMapping: 0.032100 ms MarkObjects: 1.599400 ms  DeleteObjects: 0.018400 ms)

========================================================================
Received Import Request.
  Time since last request: 93.026582 seconds.
  path: ProjectSettings/TagManager.asset
  artifactKey: Guid(00000000000000003000000000000000) Importer(815301076,1909f56bfc062723c751e8b465ee728b)
Start importing ProjectSettings/TagManager.asset using Guid(00000000000000003000000000000000) Importer(815301076,1909f56bfc062723c751e8b465ee728b)  -> (artifact id: 'b1d87f7c1a9f272f5a36ed48e32956ca') in 0.021258 seconds
  Import took 0.023634 seconds .

========================================================================
Received Import Request.
  Time since last request: 0.006482 seconds.
  path: ProjectSettings/TagManager.asset
  artifactKey: Guid(00000000000000003000000000000000) Importer(815301076,1909f56bfc062723c751e8b465ee728b)
Start importing ProjectSettings/TagManager.asset using Guid(00000000000000003000000000000000) Importer(815301076,1909f56bfc062723c751e8b465ee728b)  -> (artifact id: 'b1d87f7c1a9f272f5a36ed48e32956ca') in 0.004506 seconds
  Import took 0.006868 seconds .

========================================================================
Received Prepare
Registering precompiled user dll's ...
Registered in 0.000861 seconds.
Begin MonoManager ReloadAssembly
Native extension for WindowsStandalone target not found
Native extension for WebGL target not found
Refreshing native plugins compatible for Editor in 0.24 ms, found 0 plugins.
Preloading 0 native plugins for Editor in 0.00 ms.
Invoked RoslynAnalysisRunner static constructor.
RoslynAnalysisRunner will not be running.
RoslynAnalysisRunner has terminated.
Mono: successfully reloaded assembly
- Completed reload, in  0.886 seconds
Platform modules already initialized, skipping
Refreshing native plugins compatible for Editor in 0.25 ms, found 0 plugins.
Preloading 0 native plugins for Editor in 0.00 ms.
Unloading 1179 Unused Serialized files (Serialized files now loaded: 0)
System memory in use before: 62.4 MB.
System memory in use after: 62.5 MB.

Unloading 6 unused Assets to reduce memory usage. Loaded Objects now: 1651.
Total: 1.665400 ms (FindLiveObjects: 0.151500 ms CreateObjectMapping: 0.031300 ms MarkObjects: 1.467100 ms  DeleteObjects: 0.014500 ms)

========================================================================
Received Import Request.
  Time since last request: 190.779634 seconds.
  path: Assets/Prefabs/Characters/Chavalry.prefab
  artifactKey: Guid(c9a98d89d4123394ba6876b0bf123316) Importer(815301076,1909f56bfc062723c751e8b465ee728b)
Start importing Assets/Prefabs/Characters/Chavalry.prefab using Guid(c9a98d89d4123394ba6876b0bf123316) Importer(815301076,1909f56bfc062723c751e8b465ee728b)  -> (artifact id: '7e03ebf808a290f3fa78490568346024') in 0.125750 seconds
  Import took 0.128463 seconds .

========================================================================
Received Import Request.
  Time since last request: 7.101974 seconds.
  path: Assets/Prefabs/Characters/Chavalry.prefab
  artifactKey: Guid(c9a98d89d4123394ba6876b0bf123316) Importer(815301076,1909f56bfc062723c751e8b465ee728b)
Start importing Assets/Prefabs/Characters/Chavalry.prefab using Guid(c9a98d89d4123394ba6876b0bf123316) Importer(815301076,1909f56bfc062723c751e8b465ee728b)  -> (artifact id: '8ca08a637a591dfb89a3cc607478b62f') in 0.020087 seconds
  Import took 0.022710 seconds .

========================================================================
Received Import Request.
  Time since last request: 6.238327 seconds.
  path: Assets/Prefabs/Characters/Chavalry.prefab
  artifactKey: Guid(c9a98d89d4123394ba6876b0bf123316) Importer(815301076,1909f56bfc062723c751e8b465ee728b)
Start importing Assets/Prefabs/Characters/Chavalry.prefab using Guid(c9a98d89d4123394ba6876b0bf123316) Importer(815301076,1909f56bfc062723c751e8b465ee728b)  -> (artifact id: '876fbc96209b058e58993a14347a5030') in 0.018867 seconds
  Import took 0.021610 seconds .

========================================================================
Received Import Request.
  Time since last request: 8.470787 seconds.
  path: Assets/Prefabs/Characters/Chavalry.prefab
  artifactKey: Guid(c9a98d89d4123394ba6876b0bf123316) Importer(815301076,1909f56bfc062723c751e8b465ee728b)
Start importing Assets/Prefabs/Characters/Chavalry.prefab using Guid(c9a98d89d4123394ba6876b0bf123316) Importer(815301076,1909f56bfc062723c751e8b465ee728b)  -> (artifact id: '0a2724953b5299164055ecee09c1c169') in 0.013932 seconds
  Import took 0.016732 seconds .

========================================================================
Received Import Request.
  Time since last request: 6.818101 seconds.
  path: Assets/Prefabs/Characters/Chavalry.prefab
  artifactKey: Guid(c9a98d89d4123394ba6876b0bf123316) Importer(815301076,1909f56bfc062723c751e8b465ee728b)
Start importing Assets/Prefabs/Characters/Chavalry.prefab using Guid(c9a98d89d4123394ba6876b0bf123316) Importer(815301076,1909f56bfc062723c751e8b465ee728b)  -> (artifact id: 'ed4ec887753f4db1ff23330bfb7d5185') in 0.013534 seconds
  Import took 0.016150 seconds .

========================================================================
Received Import Request.
  Time since last request: 7.952084 seconds.
  path: Assets/Prefabs/Characters/Chavalry.prefab
  artifactKey: Guid(c9a98d89d4123394ba6876b0bf123316) Importer(815301076,1909f56bfc062723c751e8b465ee728b)
Start importing Assets/Prefabs/Characters/Chavalry.prefab using Guid(c9a98d89d4123394ba6876b0bf123316) Importer(815301076,1909f56bfc062723c751e8b465ee728b)  -> (artifact id: '1dade55b8b69722050a5317f7856af02') in 0.013669 seconds
  Import took 0.016854 seconds .

========================================================================
Received Import Request.
  Time since last request: 19.930198 seconds.
  path: Assets/Prefabs/Characters/Mage.prefab
  artifactKey: Guid(8551393fa738979438b19a74522988a4) Importer(815301076,1909f56bfc062723c751e8b465ee728b)
Start importing Assets/Prefabs/Characters/Mage.prefab using Guid(8551393fa738979438b19a74522988a4) Importer(815301076,1909f56bfc062723c751e8b465ee728b)  -> (artifact id: 'aee938107b5249e04b5e2286c664541d') in 0.016814 seconds
  Import took 0.019716 seconds .

========================================================================
Received Import Request.
  Time since last request: 5.214588 seconds.
  path: Assets/Prefabs/Characters/Mage.prefab
  artifactKey: Guid(8551393fa738979438b19a74522988a4) Importer(815301076,1909f56bfc062723c751e8b465ee728b)
Start importing Assets/Prefabs/Characters/Mage.prefab using Guid(8551393fa738979438b19a74522988a4) Importer(815301076,1909f56bfc062723c751e8b465ee728b)  -> (artifact id: 'a386a2583d68e0b0de53956fd885c4e1') in 0.014614 seconds
  Import took 0.017682 seconds .

========================================================================
Received Import Request.
  Time since last request: 2.043068 seconds.
  path: Assets/Prefabs/Characters/Mage.prefab
  artifactKey: Guid(8551393fa738979438b19a74522988a4) Importer(815301076,1909f56bfc062723c751e8b465ee728b)
Start importing Assets/Prefabs/Characters/Mage.prefab using Guid(8551393fa738979438b19a74522988a4) Importer(815301076,1909f56bfc062723c751e8b465ee728b)  -> (artifact id: 'a1ba22b338ee117655e8eeafa6de8526') in 0.014054 seconds
  Import took 0.016963 seconds .

========================================================================
Received Import Request.
  Time since last request: 2.353803 seconds.
  path: Assets/Prefabs/Characters/Mage.prefab
  artifactKey: Guid(8551393fa738979438b19a74522988a4) Importer(815301076,1909f56bfc062723c751e8b465ee728b)
Start importing Assets/Prefabs/Characters/Mage.prefab using Guid(8551393fa738979438b19a74522988a4) Importer(815301076,1909f56bfc062723c751e8b465ee728b)  -> (artifact id: '86d714dc524cdd2ff8e09143f5f47fce') in 0.015836 seconds
  Import took 0.018509 seconds .

========================================================================
Received Import Request.
  Time since last request: 9.418773 seconds.
  path: Assets/Prefabs/Characters/Tamer.prefab
  artifactKey: Guid(d9f3dd6f42b66b2459db1ee621bb4510) Importer(815301076,1909f56bfc062723c751e8b465ee728b)
Start importing Assets/Prefabs/Characters/Tamer.prefab using Guid(d9f3dd6f42b66b2459db1ee621bb4510) Importer(815301076,1909f56bfc062723c751e8b465ee728b)  -> (artifact id: 'a980eca086a6cf60f38912c9e33b6370') in 0.029352 seconds
  Import took 0.031978 seconds .

========================================================================
Received Import Request.
  Time since last request: 3.292762 seconds.
  path: Assets/Prefabs/Characters/Tamer.prefab
  artifactKey: Guid(d9f3dd6f42b66b2459db1ee621bb4510) Importer(815301076,1909f56bfc062723c751e8b465ee728b)
Start importing Assets/Prefabs/Characters/Tamer.prefab using Guid(d9f3dd6f42b66b2459db1ee621bb4510) Importer(815301076,1909f56bfc062723c751e8b465ee728b)  -> (artifact id: 'fe598efd95c5f66dbeba051175402b87') in 0.012717 seconds
  Import took 0.015362 seconds .

========================================================================
Received Import Request.
  Time since last request: 2.595165 seconds.
  path: Assets/Prefabs/Characters/Tamer.prefab
  artifactKey: Guid(d9f3dd6f42b66b2459db1ee621bb4510) Importer(815301076,1909f56bfc062723c751e8b465ee728b)
Start importing Assets/Prefabs/Characters/Tamer.prefab using Guid(d9f3dd6f42b66b2459db1ee621bb4510) Importer(815301076,1909f56bfc062723c751e8b465ee728b)  -> (artifact id: '58f9d2e3a95d92622556fcf5e43f4ac9') in 0.013277 seconds
  Import took 0.015927 seconds .

========================================================================
Received Import Request.
  Time since last request: 2.106106 seconds.
  path: Assets/Prefabs/Characters/Tamer.prefab
  artifactKey: Guid(d9f3dd6f42b66b2459db1ee621bb4510) Importer(815301076,1909f56bfc062723c751e8b465ee728b)
Start importing Assets/Prefabs/Characters/Tamer.prefab using Guid(d9f3dd6f42b66b2459db1ee621bb4510) Importer(815301076,1909f56bfc062723c751e8b465ee728b)  -> (artifact id: 'd814538a6257e7ef9f5b60677e045e48') in 0.013090 seconds
  Import took 0.015727 seconds .

========================================================================
Received Import Request.
  Time since last request: 94.057942 seconds.
  path: Assets/Prefabs/Abilities
  artifactKey: Guid(d1872ae335d5d5e48b1eddf90f56f4b2) Importer(815301076,1909f56bfc062723c751e8b465ee728b)
Start importing Assets/Prefabs/Abilities using Guid(d1872ae335d5d5e48b1eddf90f56f4b2) Importer(815301076,1909f56bfc062723c751e8b465ee728b)  -> (artifact id: '88bbb2fafa967549a4811e096ba0d1cc') in 0.004460 seconds
  Import took 0.006986 seconds .

========================================================================
Received Import Request.
  Time since last request: 10.976388 seconds.
  path: Assets/Prefabs/Abilities/backShield.prefab
  artifactKey: Guid(00fd0bca299e12c4e8d7ac94a396a67c) Importer(815301076,1909f56bfc062723c751e8b465ee728b)
Start importing Assets/Prefabs/Abilities/backShield.prefab using Guid(00fd0bca299e12c4e8d7ac94a396a67c) Importer(815301076,1909f56bfc062723c751e8b465ee728b)  -> (artifact id: 'fad648e6e955b4293c2ef19ffa384261') in 0.012318 seconds
  Import took 0.014882 seconds .

========================================================================
Received Import Request.
  Time since last request: 21.683144 seconds.
  path: Assets/Scripts/Abilities/ShieldBehaviour.cs
  artifactKey: Guid(1c40f541db76d7145ae15d70201032b7) Importer(815301076,1909f56bfc062723c751e8b465ee728b)
Start importing Assets/Scripts/Abilities/ShieldBehaviour.cs using Guid(1c40f541db76d7145ae15d70201032b7) Importer(815301076,1909f56bfc062723c751e8b465ee728b)  -> (artifact id: 'f43952c1e8ced0b696b757be7ebab1e0') in 0.005260 seconds
  Import took 0.008168 seconds .

========================================================================
Received Prepare
Registering precompiled user dll's ...
Registered in 0.000832 seconds.
Begin MonoManager ReloadAssembly
Native extension for WindowsStandalone target not found
Native extension for WebGL target not found
Refreshing native plugins compatible for Editor in 0.25 ms, found 0 plugins.
Preloading 0 native plugins for Editor in 0.00 ms.
Invoked RoslynAnalysisRunner static constructor.
RoslynAnalysisRunner will not be running.
RoslynAnalysisRunner has terminated.
Mono: successfully reloaded assembly
- Completed reload, in  0.891 seconds
Platform modules already initialized, skipping
Refreshing native plugins compatible for Editor in 0.24 ms, found 0 plugins.
Preloading 0 native plugins for Editor in 0.00 ms.
Unloading 1180 Unused Serialized files (Serialized files now loaded: 0)
System memory in use before: 62.5 MB.
System memory in use after: 62.6 MB.

Unloading 4 unused Assets to reduce memory usage. Loaded Objects now: 1659.
Total: 1.657600 ms (FindLiveObjects: 0.143100 ms CreateObjectMapping: 0.032500 ms MarkObjects: 1.468800 ms  DeleteObjects: 0.012200 ms)

========================================================================
Received Import Request.
  Time since last request: 13.404532 seconds.
  path: Assets/Prefabs/Abilities/shield.prefab
  artifactKey: Guid(c701886257ecd9645a8911a6458f11df) Importer(815301076,1909f56bfc062723c751e8b465ee728b)
Start importing Assets/Prefabs/Abilities/shield.prefab using Guid(c701886257ecd9645a8911a6458f11df) Importer(815301076,1909f56bfc062723c751e8b465ee728b)  -> (artifact id: '6637d7c4b0991eba91df306892232cb1') in 0.064509 seconds
  Import took 0.067253 seconds .

========================================================================
Received Import Request.
  Time since last request: 541.913712 seconds.
  path: Assets/Scripts/Abilities/VisionBehaviour.cs
  artifactKey: Guid(ff1abeebbd0daca448fc710ce3d0726b) Importer(815301076,1909f56bfc062723c751e8b465ee728b)
Start importing Assets/Scripts/Abilities/VisionBehaviour.cs using Guid(ff1abeebbd0daca448fc710ce3d0726b) Importer(815301076,1909f56bfc062723c751e8b465ee728b)  -> (artifact id: '679d13b0700280080dc0308c94b50603') in 0.005022 seconds
  Import took 0.007612 seconds .

========================================================================
Received Prepare
Registering precompiled user dll's ...
Registered in 0.000863 seconds.
Begin MonoManager ReloadAssembly
Native extension for WindowsStandalone target not found
Native extension for WebGL target not found
Refreshing native plugins compatible for Editor in 0.24 ms, found 0 plugins.
Preloading 0 native plugins for Editor in 0.00 ms.
Invoked RoslynAnalysisRunner static constructor.
RoslynAnalysisRunner will not be running.
RoslynAnalysisRunner has terminated.
Mono: successfully reloaded assembly
- Completed reload, in  0.874 seconds
Platform modules already initialized, skipping
Refreshing native plugins compatible for Editor in 0.25 ms, found 0 plugins.
Preloading 0 native plugins for Editor in 0.00 ms.
Unloading 1181 Unused Serialized files (Serialized files now loaded: 0)
System memory in use before: 62.6 MB.
System memory in use after: 62.7 MB.

Unloading 4 unused Assets to reduce memory usage. Loaded Objects now: 1663.
Total: 1.686300 ms (FindLiveObjects: 0.155800 ms CreateObjectMapping: 0.032400 ms MarkObjects: 1.484000 ms  DeleteObjects: 0.013200 ms)

========================================================================
Received Import Request.
  Time since last request: 17.453993 seconds.
  path: Assets/Scripts/Abilities/SpawnMinionBehaviour.cs
  artifactKey: Guid(35058749b51e40e4598461c89252a04c) Importer(815301076,1909f56bfc062723c751e8b465ee728b)
Start importing Assets/Scripts/Abilities/SpawnMinionBehaviour.cs using Guid(35058749b51e40e4598461c89252a04c) Importer(815301076,1909f56bfc062723c751e8b465ee728b)  -> (artifact id: 'd888b02cde1e3cf8b0cca20a9aa043b9') in 0.008039 seconds
  Import took 0.010616 seconds .

========================================================================
Received Prepare
Registering precompiled user dll's ...
Registered in 0.000859 seconds.
Begin MonoManager ReloadAssembly
Native extension for WindowsStandalone target not found
Native extension for WebGL target not found
Refreshing native plugins compatible for Editor in 0.25 ms, found 0 plugins.
Preloading 0 native plugins for Editor in 0.00 ms.
Invoked RoslynAnalysisRunner static constructor.
RoslynAnalysisRunner will not be running.
RoslynAnalysisRunner has terminated.
Mono: successfully reloaded assembly
- Completed reload, in  0.872 seconds
Platform modules already initialized, skipping
Refreshing native plugins compatible for Editor in 0.45 ms, found 0 plugins.
Preloading 0 native plugins for Editor in 0.00 ms.
Unloading 1182 Unused Serialized files (Serialized files now loaded: 0)
System memory in use before: 62.6 MB.
System memory in use after: 62.7 MB.

Unloading 4 unused Assets to reduce memory usage. Loaded Objects now: 1666.
Total: 1.686900 ms (FindLiveObjects: 0.168200 ms CreateObjectMapping: 0.032200 ms MarkObjects: 1.471800 ms  DeleteObjects: 0.013500 ms)

========================================================================
Received Import Request.
  Time since last request: 36.665963 seconds.
  path: Assets/Scripts/Abilities/ReviveBehaviour.cs
  artifactKey: Guid(cb6659911e0a2bb4a9c12b196b1867b1) Importer(815301076,1909f56bfc062723c751e8b465ee728b)
Start importing Assets/Scripts/Abilities/ReviveBehaviour.cs using Guid(cb6659911e0a2bb4a9c12b196b1867b1) Importer(815301076,1909f56bfc062723c751e8b465ee728b)  -> (artifact id: '697ca38de19761118232d86feac3187e') in 0.008742 seconds
  Import took 0.011466 seconds .

========================================================================
Received Prepare
Registering precompiled user dll's ...
Registered in 0.000858 seconds.
Begin MonoManager ReloadAssembly
Native extension for WindowsStandalone target not found
Native extension for WebGL target not found
Refreshing native plugins compatible for Editor in 0.26 ms, found 0 plugins.
Preloading 0 native plugins for Editor in 0.00 ms.
Invoked RoslynAnalysisRunner static constructor.
RoslynAnalysisRunner will not be running.
RoslynAnalysisRunner has terminated.
Mono: successfully reloaded assembly
- Completed reload, in  0.926 seconds
Platform modules already initialized, skipping
Refreshing native plugins compatible for Editor in 0.25 ms, found 0 plugins.
Preloading 0 native plugins for Editor in 0.00 ms.
Unloading 1183 Unused Serialized files (Serialized files now loaded: 0)
System memory in use before: 62.6 MB.
System memory in use after: 62.7 MB.

Unloading 4 unused Assets to reduce memory usage. Loaded Objects now: 1669.
Total: 1.930400 ms (FindLiveObjects: 0.170500 ms CreateObjectMapping: 0.033100 ms MarkObjects: 1.701700 ms  DeleteObjects: 0.023800 ms)

========================================================================
Received Prepare
Registering precompiled user dll's ...
Registered in 0.000851 seconds.
Begin MonoManager ReloadAssembly
Native extension for WindowsStandalone target not found
Native extension for WebGL target not found
Refreshing native plugins compatible for Editor in 0.25 ms, found 0 plugins.
Preloading 0 native plugins for Editor in 0.00 ms.
Invoked RoslynAnalysisRunner static constructor.
RoslynAnalysisRunner will not be running.
RoslynAnalysisRunner has terminated.
Mono: successfully reloaded assembly
- Completed reload, in  0.886 seconds
Platform modules already initialized, skipping
Refreshing native plugins compatible for Editor in 0.24 ms, found 0 plugins.
Preloading 0 native plugins for Editor in 0.00 ms.
Unloading 1183 Unused Serialized files (Serialized files now loaded: 0)
System memory in use before: 62.6 MB.
System memory in use after: 62.7 MB.

Unloading 4 unused Assets to reduce memory usage. Loaded Objects now: 1671.
Total: 2.110400 ms (FindLiveObjects: 0.299400 ms CreateObjectMapping: 0.071000 ms MarkObjects: 1.720300 ms  DeleteObjects: 0.017900 ms)

========================================================================
Received Prepare
Registering precompiled user dll's ...
Registered in 0.000892 seconds.
Begin MonoManager ReloadAssembly
Native extension for WindowsStandalone target not found
Native extension for WebGL target not found
Refreshing native plugins compatible for Editor in 0.25 ms, found 0 plugins.
Preloading 0 native plugins for Editor in 0.00 ms.
Invoked RoslynAnalysisRunner static constructor.
RoslynAnalysisRunner will not be running.
RoslynAnalysisRunner has terminated.
Mono: successfully reloaded assembly
- Completed reload, in  0.878 seconds
Platform modules already initialized, skipping
Refreshing native plugins compatible for Editor in 0.27 ms, found 0 plugins.
Preloading 0 native plugins for Editor in 0.00 ms.
Unloading 1183 Unused Serialized files (Serialized files now loaded: 0)
System memory in use before: 62.6 MB.
System memory in use after: 62.7 MB.

Unloading 4 unused Assets to reduce memory usage. Loaded Objects now: 1673.
Total: 1.962500 ms (FindLiveObjects: 0.171700 ms CreateObjectMapping: 0.041600 ms MarkObjects: 1.733100 ms  DeleteObjects: 0.014800 ms)

========================================================================
Received Prepare
Registering precompiled user dll's ...
Registered in 0.000847 seconds.
Begin MonoManager ReloadAssembly
Native extension for WindowsStandalone target not found
Native extension for WebGL target not found
Refreshing native plugins compatible for Editor in 0.25 ms, found 0 plugins.
Preloading 0 native plugins for Editor in 0.00 ms.
Invoked RoslynAnalysisRunner static constructor.
RoslynAnalysisRunner will not be running.
RoslynAnalysisRunner has terminated.
Mono: successfully reloaded assembly
- Completed reload, in  0.884 seconds
Platform modules already initialized, skipping
Refreshing native plugins compatible for Editor in 0.25 ms, found 0 plugins.
Preloading 0 native plugins for Editor in 0.00 ms.
Unloading 1183 Unused Serialized files (Serialized files now loaded: 0)
System memory in use before: 62.7 MB.
System memory in use after: 62.7 MB.

Unloading 4 unused Assets to reduce memory usage. Loaded Objects now: 1675.
Total: 1.684300 ms (FindLiveObjects: 0.151500 ms CreateObjectMapping: 0.033800 ms MarkObjects: 1.485900 ms  DeleteObjects: 0.011800 ms)

========================================================================
Received Prepare
Registering precompiled user dll's ...
Registered in 0.000951 seconds.
Begin MonoManager ReloadAssembly
Native extension for WindowsStandalone target not found
Native extension for WebGL target not found
Refreshing native plugins compatible for Editor in 0.27 ms, found 0 plugins.
Preloading 0 native plugins for Editor in 0.00 ms.
Invoked RoslynAnalysisRunner static constructor.
RoslynAnalysisRunner will not be running.
RoslynAnalysisRunner has terminated.
Mono: successfully reloaded assembly
- Completed reload, in  0.882 seconds
Platform modules already initialized, skipping
Refreshing native plugins compatible for Editor in 0.24 ms, found 0 plugins.
Preloading 0 native plugins for Editor in 0.00 ms.
Unloading 1183 Unused Serialized files (Serialized files now loaded: 0)
System memory in use before: 62.7 MB.
System memory in use after: 62.8 MB.

Unloading 4 unused Assets to reduce memory usage. Loaded Objects now: 1677.
Total: 1.728300 ms (FindLiveObjects: 0.149400 ms CreateObjectMapping: 0.034400 ms MarkObjects: 1.530100 ms  DeleteObjects: 0.013200 ms)

========================================================================
Received Prepare
Registering precompiled user dll's ...
Registered in 0.000839 seconds.
Begin MonoManager ReloadAssembly
Native extension for WindowsStandalone target not found
Native extension for WebGL target not found
Refreshing native plugins compatible for Editor in 0.26 ms, found 0 plugins.
Preloading 0 native plugins for Editor in 0.00 ms.
Invoked RoslynAnalysisRunner static constructor.
RoslynAnalysisRunner will not be running.
RoslynAnalysisRunner has terminated.
Mono: successfully reloaded assembly
- Completed reload, in  0.891 seconds
Platform modules already initialized, skipping
Refreshing native plugins compatible for Editor in 0.24 ms, found 0 plugins.
Preloading 0 native plugins for Editor in 0.00 ms.
Unloading 1183 Unused Serialized files (Serialized files now loaded: 0)
System memory in use before: 62.7 MB.
System memory in use after: 62.8 MB.

Unloading 4 unused Assets to reduce memory usage. Loaded Objects now: 1679.
Total: 1.871800 ms (FindLiveObjects: 0.172200 ms CreateObjectMapping: 0.035300 ms MarkObjects: 1.649600 ms  DeleteObjects: 0.013700 ms)

========================================================================
Received Prepare
Registering precompiled user dll's ...
Registered in 0.000948 seconds.
Begin MonoManager ReloadAssembly
Native extension for WindowsStandalone target not found
Native extension for WebGL target not found
Refreshing native plugins compatible for Editor in 0.25 ms, found 0 plugins.
Preloading 0 native plugins for Editor in 0.00 ms.
Invoked RoslynAnalysisRunner static constructor.
RoslynAnalysisRunner will not be running.
RoslynAnalysisRunner has terminated.
Mono: successfully reloaded assembly
- Completed reload, in  0.876 seconds
Platform modules already initialized, skipping
Refreshing native plugins compatible for Editor in 0.25 ms, found 0 plugins.
Preloading 0 native plugins for Editor in 0.00 ms.
Unloading 1183 Unused Serialized files (Serialized files now loaded: 0)
System memory in use before: 62.7 MB.
System memory in use after: 62.8 MB.

Unloading 4 unused Assets to reduce memory usage. Loaded Objects now: 1681.
Total: 1.750100 ms (FindLiveObjects: 0.164000 ms CreateObjectMapping: 0.038100 ms MarkObjects: 1.532200 ms  DeleteObjects: 0.014700 ms)

========================================================================
Received Prepare
Registering precompiled user dll's ...
Registered in 0.001059 seconds.
Begin MonoManager ReloadAssembly
Native extension for WindowsStandalone target not found
Native extension for WebGL target not found
Refreshing native plugins compatible for Editor in 0.24 ms, found 0 plugins.
Preloading 0 native plugins for Editor in 0.00 ms.
Invoked RoslynAnalysisRunner static constructor.
RoslynAnalysisRunner will not be running.
RoslynAnalysisRunner has terminated.
Mono: successfully reloaded assembly
- Completed reload, in  0.867 seconds
Platform modules already initialized, skipping
Refreshing native plugins compatible for Editor in 0.24 ms, found 0 plugins.
Preloading 0 native plugins for Editor in 0.00 ms.
Unloading 1183 Unused Serialized files (Serialized files now loaded: 0)
System memory in use before: 62.7 MB.
System memory in use after: 62.8 MB.

Unloading 4 unused Assets to reduce memory usage. Loaded Objects now: 1683.
Total: 1.830600 ms (FindLiveObjects: 0.165200 ms CreateObjectMapping: 0.031700 ms MarkObjects: 1.615100 ms  DeleteObjects: 0.017400 ms)

========================================================================
Received Prepare
Registering precompiled user dll's ...
Registered in 0.000871 seconds.
Begin MonoManager ReloadAssembly
Native extension for WindowsStandalone target not found
Native extension for WebGL target not found
Refreshing native plugins compatible for Editor in 0.25 ms, found 0 plugins.
Preloading 0 native plugins for Editor in 0.00 ms.
Invoked RoslynAnalysisRunner static constructor.
RoslynAnalysisRunner will not be running.
RoslynAnalysisRunner has terminated.
Mono: successfully reloaded assembly
- Completed reload, in  0.883 seconds
Platform modules already initialized, skipping
Refreshing native plugins compatible for Editor in 0.24 ms, found 0 plugins.
Preloading 0 native plugins for Editor in 0.00 ms.
Unloading 1183 Unused Serialized files (Serialized files now loaded: 0)
System memory in use before: 62.7 MB.
System memory in use after: 62.8 MB.

Unloading 4 unused Assets to reduce memory usage. Loaded Objects now: 1685.
Total: 1.801300 ms (FindLiveObjects: 0.159400 ms CreateObjectMapping: 0.033800 ms MarkObjects: 1.590100 ms  DeleteObjects: 0.017000 ms)

========================================================================
Received Import Request.
  Time since last request: 5410.858195 seconds.
  path: Assets/Scripts/Characters/TeamWorldInteraction.cs
  artifactKey: Guid(9048f3757c701a240b9dba301ee94db1) Importer(815301076,1909f56bfc062723c751e8b465ee728b)
Start importing Assets/Scripts/Characters/TeamWorldInteraction.cs using Guid(9048f3757c701a240b9dba301ee94db1) Importer(815301076,1909f56bfc062723c751e8b465ee728b)  -> (artifact id: '58e249e33e8a064c6ba4b10b0c4a88c9') in 0.007177 seconds
  Import took 0.009587 seconds .

========================================================================
Received Import Request.
  Time since last request: 0.027076 seconds.
  path: Assets/Scripts/Characters/TeamWorldInteraction.cs
  artifactKey: Guid(9048f3757c701a240b9dba301ee94db1) Importer(815301076,1909f56bfc062723c751e8b465ee728b)
Start importing Assets/Scripts/Characters/TeamWorldInteraction.cs using Guid(9048f3757c701a240b9dba301ee94db1) Importer(815301076,1909f56bfc062723c751e8b465ee728b)  -> (artifact id: '58e249e33e8a064c6ba4b10b0c4a88c9') in 0.004536 seconds
  Import took 0.006994 seconds .

========================================================================
Received Prepare
Registering precompiled user dll's ...
Registered in 0.000855 seconds.
Begin MonoManager ReloadAssembly
Native extension for WindowsStandalone target not found
Native extension for WebGL target not found
Refreshing native plugins compatible for Editor in 0.25 ms, found 0 plugins.
Preloading 0 native plugins for Editor in 0.00 ms.
Invoked RoslynAnalysisRunner static constructor.
RoslynAnalysisRunner will not be running.
RoslynAnalysisRunner has terminated.
Mono: successfully reloaded assembly
- Completed reload, in  0.890 seconds
Platform modules already initialized, skipping
Refreshing native plugins compatible for Editor in 0.25 ms, found 0 plugins.
Preloading 0 native plugins for Editor in 0.00 ms.
Unloading 1183 Unused Serialized files (Serialized files now loaded: 0)
System memory in use before: 62.7 MB.
System memory in use after: 62.8 MB.

Unloading 4 unused Assets to reduce memory usage. Loaded Objects now: 1687.
Total: 1.713900 ms (FindLiveObjects: 0.164600 ms CreateObjectMapping: 0.032200 ms MarkObjects: 1.503200 ms  DeleteObjects: 0.012600 ms)

========================================================================
Received Import Request.
  Time since last request: 68.866894 seconds.
  path: Assets/Scripts/Characters/TeamWorldInteraction.cs
  artifactKey: Guid(9048f3757c701a240b9dba301ee94db1) Importer(815301076,1909f56bfc062723c751e8b465ee728b)
Start importing Assets/Scripts/Characters/TeamWorldInteraction.cs using Guid(9048f3757c701a240b9dba301ee94db1) Importer(815301076,1909f56bfc062723c751e8b465ee728b)  -> (artifact id: '6097eb77605d0a7723d10e52e10020e8') in 0.006360 seconds
  Import took 0.008820 seconds .

========================================================================
Received Prepare
Registering precompiled user dll's ...
Registered in 0.000861 seconds.
Begin MonoManager ReloadAssembly
Native extension for WindowsStandalone target not found
Native extension for WebGL target not found
Refreshing native plugins compatible for Editor in 0.26 ms, found 0 plugins.
Preloading 0 native plugins for Editor in 0.00 ms.
Invoked RoslynAnalysisRunner static constructor.
RoslynAnalysisRunner will not be running.
RoslynAnalysisRunner has terminated.
Mono: successfully reloaded assembly
- Completed reload, in  0.899 seconds
Platform modules already initialized, skipping
Refreshing native plugins compatible for Editor in 0.24 ms, found 0 plugins.
Preloading 0 native plugins for Editor in 0.00 ms.
Unloading 1183 Unused Serialized files (Serialized files now loaded: 0)
System memory in use before: 62.7 MB.
System memory in use after: 62.8 MB.

Unloading 4 unused Assets to reduce memory usage. Loaded Objects now: 1689.
Total: 1.727800 ms (FindLiveObjects: 0.152500 ms CreateObjectMapping: 0.034100 ms MarkObjects: 1.527200 ms  DeleteObjects: 0.012900 ms)

========================================================================
Received Import Request.
  Time since last request: 452.609406 seconds.
  path: Assets/Prefabs/Characters/Archer.prefab
  artifactKey: Guid(83c9e9889bc920c4991762703fa6e424) Importer(815301076,1909f56bfc062723c751e8b465ee728b)
Start importing Assets/Prefabs/Characters/Archer.prefab using Guid(83c9e9889bc920c4991762703fa6e424) Importer(815301076,1909f56bfc062723c751e8b465ee728b)  -> (artifact id: '2ddae082d69a9ebcb206fdfa8f61046c') in 0.089961 seconds
  Import took 0.092737 seconds .

========================================================================
Received Import Request.
  Time since last request: 0.000389 seconds.
  path: Assets/Prefabs/Characters/Tamer.prefab
  artifactKey: Guid(d9f3dd6f42b66b2459db1ee621bb4510) Importer(815301076,1909f56bfc062723c751e8b465ee728b)
Start importing Assets/Prefabs/Characters/Tamer.prefab using Guid(d9f3dd6f42b66b2459db1ee621bb4510) Importer(815301076,1909f56bfc062723c751e8b465ee728b)  -> (artifact id: '6f4d33d0106e63bb019f9c25eb1cbc11') in 0.014643 seconds
  Import took 0.017326 seconds .

========================================================================
Received Import Request.
  Time since last request: 0.000438 seconds.
  path: Assets/Prefabs/Characters/Mage.prefab
  artifactKey: Guid(8551393fa738979438b19a74522988a4) Importer(815301076,1909f56bfc062723c751e8b465ee728b)
Start importing Assets/Prefabs/Characters/Mage.prefab using Guid(8551393fa738979438b19a74522988a4) Importer(815301076,1909f56bfc062723c751e8b465ee728b)  -> (artifact id: '10b427e9e7dff7af6812359f332f5161') in 0.015764 seconds
  Import took 0.019153 seconds .

========================================================================
Received Import Request.
  Time since last request: 0.000317 seconds.
  path: Assets/Prefabs/Characters/Chavalry.prefab
  artifactKey: Guid(c9a98d89d4123394ba6876b0bf123316) Importer(815301076,1909f56bfc062723c751e8b465ee728b)
Start importing Assets/Prefabs/Characters/Chavalry.prefab using Guid(c9a98d89d4123394ba6876b0bf123316) Importer(815301076,1909f56bfc062723c751e8b465ee728b)  -> (artifact id: 'f77900c442ac2a0cc57952d2e63b3df8') in 0.013781 seconds
  Import took 0.016275 seconds .

========================================================================
Received Import Request.
  Time since last request: 0.000307 seconds.
  path: Assets/Prefabs/Characters/Archer.prefab
  artifactKey: Guid(83c9e9889bc920c4991762703fa6e424) Importer(815301076,1909f56bfc062723c751e8b465ee728b)
Start importing Assets/Prefabs/Characters/Archer.prefab using Guid(83c9e9889bc920c4991762703fa6e424) Importer(815301076,1909f56bfc062723c751e8b465ee728b)  -> (artifact id: '2ddae082d69a9ebcb206fdfa8f61046c') in 0.014782 seconds
  Import took 0.017500 seconds .

========================================================================
Received Prepare
Registering precompiled user dll's ...
Registered in 0.000926 seconds.
Begin MonoManager ReloadAssembly
Native extension for WindowsStandalone target not found
Native extension for WebGL target not found
Refreshing native plugins compatible for Editor in 0.25 ms, found 0 plugins.
Preloading 0 native plugins for Editor in 0.00 ms.
Invoked RoslynAnalysisRunner static constructor.
RoslynAnalysisRunner will not be running.
RoslynAnalysisRunner has terminated.
Mono: successfully reloaded assembly
- Completed reload, in  0.883 seconds
Platform modules already initialized, skipping
Refreshing native plugins compatible for Editor in 0.34 ms, found 0 plugins.
Preloading 0 native plugins for Editor in 0.00 ms.
Unloading 1183 Unused Serialized files (Serialized files now loaded: 0)
System memory in use before: 62.7 MB.
System memory in use after: 62.8 MB.

Unloading 4 unused Assets to reduce memory usage. Loaded Objects now: 1692.
Total: 1.970300 ms (FindLiveObjects: 0.153000 ms CreateObjectMapping: 0.032600 ms MarkObjects: 1.764000 ms  DeleteObjects: 0.019400 ms)

========================================================================
Received Prepare
Registering precompiled user dll's ...
Registered in 0.000890 seconds.
Begin MonoManager ReloadAssembly
Native extension for WindowsStandalone target not found
Native extension for WebGL target not found
Refreshing native plugins compatible for Editor in 0.26 ms, found 0 plugins.
Preloading 0 native plugins for Editor in 0.00 ms.
Invoked RoslynAnalysisRunner static constructor.
RoslynAnalysisRunner will not be running.
RoslynAnalysisRunner has terminated.
Mono: successfully reloaded assembly
- Completed reload, in  0.877 seconds
Platform modules already initialized, skipping
Refreshing native plugins compatible for Editor in 0.24 ms, found 0 plugins.
Preloading 0 native plugins for Editor in 0.00 ms.
Unloading 1183 Unused Serialized files (Serialized files now loaded: 0)
System memory in use before: 62.7 MB.
System memory in use after: 62.8 MB.

Unloading 4 unused Assets to reduce memory usage. Loaded Objects now: 1694.
Total: 1.742600 ms (FindLiveObjects: 0.153500 ms CreateObjectMapping: 0.032900 ms MarkObjects: 1.540900 ms  DeleteObjects: 0.014300 ms)

========================================================================
Received Import Request.
  Time since last request: 1708.006414 seconds.
  path: Assets/Scripts/Weapons/MeleeWeaponAttack.cs
  artifactKey: Guid(068fa1e45e54f1f4181bdbb3af7cb89b) Importer(815301076,1909f56bfc062723c751e8b465ee728b)
Start importing Assets/Scripts/Weapons/MeleeWeaponAttack.cs using Guid(068fa1e45e54f1f4181bdbb3af7cb89b) Importer(815301076,1909f56bfc062723c751e8b465ee728b)  -> (artifact id: '945fc7ff3bd8b8aeb42fd82080561a27') in 0.007083 seconds
  Import took 0.009481 seconds .

========================================================================
Received Import Request.
  Time since last request: 0.029351 seconds.
  path: Assets/Scripts/Weapons/MeleeWeaponAttack.cs
  artifactKey: Guid(068fa1e45e54f1f4181bdbb3af7cb89b) Importer(815301076,1909f56bfc062723c751e8b465ee728b)
Start importing Assets/Scripts/Weapons/MeleeWeaponAttack.cs using Guid(068fa1e45e54f1f4181bdbb3af7cb89b) Importer(815301076,1909f56bfc062723c751e8b465ee728b)  -> (artifact id: '945fc7ff3bd8b8aeb42fd82080561a27') in 0.003844 seconds
  Import took 0.006242 seconds .

========================================================================
Received Prepare
Registering precompiled user dll's ...
Registered in 0.000904 seconds.
Begin MonoManager ReloadAssembly
Native extension for WindowsStandalone target not found
Native extension for WebGL target not found
Refreshing native plugins compatible for Editor in 0.25 ms, found 0 plugins.
Preloading 0 native plugins for Editor in 0.00 ms.
Invoked RoslynAnalysisRunner static constructor.
RoslynAnalysisRunner will not be running.
RoslynAnalysisRunner has terminated.
Mono: successfully reloaded assembly
- Completed reload, in  0.882 seconds
Platform modules already initialized, skipping
Refreshing native plugins compatible for Editor in 0.25 ms, found 0 plugins.
Preloading 0 native plugins for Editor in 0.00 ms.
Unloading 1183 Unused Serialized files (Serialized files now loaded: 0)
System memory in use before: 62.7 MB.
System memory in use after: 62.8 MB.

Unloading 4 unused Assets to reduce memory usage. Loaded Objects now: 1696.
Total: 1.825300 ms (FindLiveObjects: 0.164700 ms CreateObjectMapping: 0.033200 ms MarkObjects: 1.611800 ms  DeleteObjects: 0.014300 ms)

========================================================================
Received Import Request.
  Time since last request: 766.427418 seconds.
  path: Assets/Scripts/Weapons/MeleeWeaponAttack.cs
  artifactKey: Guid(068fa1e45e54f1f4181bdbb3af7cb89b) Importer(815301076,1909f56bfc062723c751e8b465ee728b)
Start importing Assets/Scripts/Weapons/MeleeWeaponAttack.cs using Guid(068fa1e45e54f1f4181bdbb3af7cb89b) Importer(815301076,1909f56bfc062723c751e8b465ee728b)  -> (artifact id: '0f8f96d43b3e6695ff4c23eeadae112a') in 0.006271 seconds
  Import took 0.008921 seconds .

========================================================================
Received Import Request.
  Time since last request: 0.033063 seconds.
  path: Assets/Scripts/Weapons/MeleeWeaponAttack.cs
  artifactKey: Guid(068fa1e45e54f1f4181bdbb3af7cb89b) Importer(815301076,1909f56bfc062723c751e8b465ee728b)
Start importing Assets/Scripts/Weapons/MeleeWeaponAttack.cs using Guid(068fa1e45e54f1f4181bdbb3af7cb89b) Importer(815301076,1909f56bfc062723c751e8b465ee728b)  -> (artifact id: '0f8f96d43b3e6695ff4c23eeadae112a') in 0.004409 seconds
  Import took 0.007330 seconds .

========================================================================
Received Import Request.
  Time since last request: 58.018761 seconds.
  path: Assets/Prefabs/UI/SelectStat.cs
  artifactKey: Guid(3bde2124d9594cb4aaf72e92c911c974) Importer(815301076,1909f56bfc062723c751e8b465ee728b)
Start importing Assets/Prefabs/UI/SelectStat.cs using Guid(3bde2124d9594cb4aaf72e92c911c974) Importer(815301076,1909f56bfc062723c751e8b465ee728b)  -> (artifact id: 'cbab470a7ea15610941911ec0a647a5e') in 0.005675 seconds
  Import took 0.008131 seconds .

========================================================================
Received Prepare
Registering precompiled user dll's ...
Registered in 0.000845 seconds.
Begin MonoManager ReloadAssembly
Native extension for WindowsStandalone target not found
Native extension for WebGL target not found
Refreshing native plugins compatible for Editor in 0.25 ms, found 0 plugins.
Preloading 0 native plugins for Editor in 0.00 ms.
Invoked RoslynAnalysisRunner static constructor.
RoslynAnalysisRunner will not be running.
RoslynAnalysisRunner has terminated.
Mono: successfully reloaded assembly
- Completed reload, in  0.880 seconds
Platform modules already initialized, skipping
Refreshing native plugins compatible for Editor in 0.25 ms, found 0 plugins.
Preloading 0 native plugins for Editor in 0.00 ms.
Unloading 1184 Unused Serialized files (Serialized files now loaded: 0)
System memory in use before: 62.8 MB.
System memory in use after: 62.9 MB.

Unloading 4 unused Assets to reduce memory usage. Loaded Objects now: 1699.
Total: 1.782700 ms (FindLiveObjects: 0.172100 ms CreateObjectMapping: 0.033900 ms MarkObjects: 1.562700 ms  DeleteObjects: 0.013000 ms)

========================================================================
Received Prepare
Registering precompiled user dll's ...
Registered in 0.000876 seconds.
Begin MonoManager ReloadAssembly
Native extension for WindowsStandalone target not found
Native extension for WebGL target not found
Refreshing native plugins compatible for Editor in 0.25 ms, found 0 plugins.
Preloading 0 native plugins for Editor in 0.00 ms.
Invoked RoslynAnalysisRunner static constructor.
RoslynAnalysisRunner will not be running.
RoslynAnalysisRunner has terminated.
Mono: successfully reloaded assembly
- Completed reload, in  0.875 seconds
Platform modules already initialized, skipping
Refreshing native plugins compatible for Editor in 0.25 ms, found 0 plugins.
Preloading 0 native plugins for Editor in 0.00 ms.
Unloading 1184 Unused Serialized files (Serialized files now loaded: 0)
System memory in use before: 62.8 MB.
System memory in use after: 62.9 MB.

Unloading 4 unused Assets to reduce memory usage. Loaded Objects now: 1701.
Total: 2.031100 ms (FindLiveObjects: 0.175900 ms CreateObjectMapping: 0.038000 ms MarkObjects: 1.798400 ms  DeleteObjects: 0.017200 ms)

========================================================================
Received Import Request.
  Time since last request: 614.196971 seconds.
  path: Assets/Prefabs/UI/SelectStat.cs
  artifactKey: Guid(3bde2124d9594cb4aaf72e92c911c974) Importer(815301076,1909f56bfc062723c751e8b465ee728b)
Start importing Assets/Prefabs/UI/SelectStat.cs using Guid(3bde2124d9594cb4aaf72e92c911c974) Importer(815301076,1909f56bfc062723c751e8b465ee728b)  -> (artifact id: '07d3b2e61906a73a00c94f4a6d8fbd6b') in 0.006064 seconds
  Import took 0.008423 seconds .

========================================================================
Received Prepare
Registering precompiled user dll's ...
Registered in 0.000858 seconds.
Begin MonoManager ReloadAssembly
Native extension for WindowsStandalone target not found
Native extension for WebGL target not found
Refreshing native plugins compatible for Editor in 0.25 ms, found 0 plugins.
Preloading 0 native plugins for Editor in 0.00 ms.
Invoked RoslynAnalysisRunner static constructor.
RoslynAnalysisRunner will not be running.
RoslynAnalysisRunner has terminated.
Mono: successfully reloaded assembly
- Completed reload, in  0.907 seconds
Platform modules already initialized, skipping
Refreshing native plugins compatible for Editor in 0.24 ms, found 0 plugins.
Preloading 0 native plugins for Editor in 0.00 ms.
Unloading 1184 Unused Serialized files (Serialized files now loaded: 0)
System memory in use before: 62.8 MB.
System memory in use after: 62.9 MB.

Unloading 4 unused Assets to reduce memory usage. Loaded Objects now: 1703.
Total: 1.738000 ms (FindLiveObjects: 0.169900 ms CreateObjectMapping: 0.032700 ms MarkObjects: 1.521100 ms  DeleteObjects: 0.013000 ms)

========================================================================
Received Import Request.
  Time since last request: 85.626846 seconds.
  path: Assets/Prefabs/UI/ButtonStats.prefab
  artifactKey: Guid(88193b803af240b4f8eec5d65fbd6082) Importer(815301076,1909f56bfc062723c751e8b465ee728b)
Start importing Assets/Prefabs/UI/ButtonStats.prefab using Guid(88193b803af240b4f8eec5d65fbd6082) Importer(815301076,1909f56bfc062723c751e8b465ee728b)  -> (artifact id: '32469eb608ddc0ddca05d4199e2731f0') in 0.046970 seconds
  Import took 0.049791 seconds .

========================================================================
Received Import Request.
  Time since last request: 32.583012 seconds.
  path: Assets/Prefabs/UI/ButtonStats.prefab
  artifactKey: Guid(88193b803af240b4f8eec5d65fbd6082) Importer(815301076,1909f56bfc062723c751e8b465ee728b)
Start importing Assets/Prefabs/UI/ButtonStats.prefab using Guid(88193b803af240b4f8eec5d65fbd6082) Importer(815301076,1909f56bfc062723c751e8b465ee728b)  -> (artifact id: '8b62c1e76026d8c5c4e7fbe2462b97b3') in 0.005949 seconds
  Import took 0.008426 seconds .

========================================================================
Received Prepare
Registering precompiled user dll's ...
Registered in 0.001002 seconds.
Begin MonoManager ReloadAssembly
Native extension for WindowsStandalone target not found
Native extension for WebGL target not found
Refreshing native plugins compatible for Editor in 0.26 ms, found 0 plugins.
Preloading 0 native plugins for Editor in 0.00 ms.
Invoked RoslynAnalysisRunner static constructor.
RoslynAnalysisRunner will not be running.
RoslynAnalysisRunner has terminated.
Mono: successfully reloaded assembly
- Completed reload, in  0.927 seconds
Platform modules already initialized, skipping
Refreshing native plugins compatible for Editor in 0.28 ms, found 0 plugins.
Preloading 0 native plugins for Editor in 0.00 ms.
Unloading 1184 Unused Serialized files (Serialized files now loaded: 0)
System memory in use before: 62.9 MB.
System memory in use after: 63.0 MB.

Unloading 5 unused Assets to reduce memory usage. Loaded Objects now: 1707.
Total: 1.702200 ms (FindLiveObjects: 0.165200 ms CreateObjectMapping: 0.033500 ms MarkObjects: 1.483500 ms  DeleteObjects: 0.019200 ms)

========================================================================
Received Import Request.
  Time since last request: 144.499334 seconds.
  path: Assets/Prefabs/Characters/Chavalry.prefab
  artifactKey: Guid(c9a98d89d4123394ba6876b0bf123316) Importer(815301076,1909f56bfc062723c751e8b465ee728b)
Start importing Assets/Prefabs/Characters/Chavalry.prefab using Guid(c9a98d89d4123394ba6876b0bf123316) Importer(815301076,1909f56bfc062723c751e8b465ee728b)  -> (artifact id: '1e99f4e8a1fcce34533f8aa898ce68e4') in 0.081697 seconds
  Import took 0.084561 seconds .

========================================================================
Received Import Request.
  Time since last request: 13.898351 seconds.
  path: Assets/Prefabs/Characters/Archer.prefab
  artifactKey: Guid(83c9e9889bc920c4991762703fa6e424) Importer(815301076,1909f56bfc062723c751e8b465ee728b)
Start importing Assets/Prefabs/Characters/Archer.prefab using Guid(83c9e9889bc920c4991762703fa6e424) Importer(815301076,1909f56bfc062723c751e8b465ee728b)  -> (artifact id: '1bd100503e9e7d6d18196278602f8fd7') in 0.015197 seconds
  Import took 0.017991 seconds .

========================================================================
Received Import Request.
  Time since last request: 14.125833 seconds.
  path: Assets/Prefabs/Characters/Mage.prefab
  artifactKey: Guid(8551393fa738979438b19a74522988a4) Importer(815301076,1909f56bfc062723c751e8b465ee728b)
Start importing Assets/Prefabs/Characters/Mage.prefab using Guid(8551393fa738979438b19a74522988a4) Importer(815301076,1909f56bfc062723c751e8b465ee728b)  -> (artifact id: 'a98e374f0727b64c28c4f1355ff91102') in 0.014724 seconds
  Import took 0.017396 seconds .

========================================================================
Received Prepare
Registering precompiled user dll's ...
Registered in 0.000838 seconds.
Begin MonoManager ReloadAssembly
Native extension for WindowsStandalone target not found
Native extension for WebGL target not found
Refreshing native plugins compatible for Editor in 0.25 ms, found 0 plugins.
Preloading 0 native plugins for Editor in 0.00 ms.
Invoked RoslynAnalysisRunner static constructor.
RoslynAnalysisRunner will not be running.
RoslynAnalysisRunner has terminated.
Mono: successfully reloaded assembly
- Completed reload, in  0.883 seconds
Platform modules already initialized, skipping
Refreshing native plugins compatible for Editor in 0.38 ms, found 0 plugins.
Preloading 0 native plugins for Editor in 0.00 ms.
Unloading 1184 Unused Serialized files (Serialized files now loaded: 0)
System memory in use before: 62.9 MB.
System memory in use after: 63.0 MB.

Unloading 4 unused Assets to reduce memory usage. Loaded Objects now: 1710.
Total: 1.698700 ms (FindLiveObjects: 0.153600 ms CreateObjectMapping: 0.034100 ms MarkObjects: 1.497700 ms  DeleteObjects: 0.012300 ms)

========================================================================
Received Prepare
Registering precompiled user dll's ...
Registered in 0.000896 seconds.
Begin MonoManager ReloadAssembly
Native extension for WindowsStandalone target not found
Native extension for WebGL target not found
Refreshing native plugins compatible for Editor in 0.25 ms, found 0 plugins.
Preloading 0 native plugins for Editor in 0.00 ms.
Invoked RoslynAnalysisRunner static constructor.
RoslynAnalysisRunner will not be running.
RoslynAnalysisRunner has terminated.
Mono: successfully reloaded assembly
- Completed reload, in  0.891 seconds
Platform modules already initialized, skipping
Refreshing native plugins compatible for Editor in 0.25 ms, found 0 plugins.
Preloading 0 native plugins for Editor in 0.00 ms.
Unloading 1184 Unused Serialized files (Serialized files now loaded: 0)
System memory in use before: 62.9 MB.
System memory in use after: 63.0 MB.

Unloading 4 unused Assets to reduce memory usage. Loaded Objects now: 1712.
Total: 1.807400 ms (FindLiveObjects: 0.186400 ms CreateObjectMapping: 0.033100 ms MarkObjects: 1.571900 ms  DeleteObjects: 0.014800 ms)

========================================================================
Received Import Request.
  Time since last request: 129.154079 seconds.
  path: Assets/Prefabs/Characters/Tamer.prefab
  artifactKey: Guid(d9f3dd6f42b66b2459db1ee621bb4510) Importer(815301076,1909f56bfc062723c751e8b465ee728b)
Start importing Assets/Prefabs/Characters/Tamer.prefab using Guid(d9f3dd6f42b66b2459db1ee621bb4510) Importer(815301076,1909f56bfc062723c751e8b465ee728b)  -> (artifact id: '0eaef964c4f31c11d8c061dd1f5c8248') in 0.066896 seconds
  Import took 0.069704 seconds .

========================================================================
Received Prepare
Registering precompiled user dll's ...
Registered in 0.000829 seconds.
Begin MonoManager ReloadAssembly
Native extension for WindowsStandalone target not found
Native extension for WebGL target not found
Refreshing native plugins compatible for Editor in 0.26 ms, found 0 plugins.
Preloading 0 native plugins for Editor in 0.00 ms.
Invoked RoslynAnalysisRunner static constructor.
RoslynAnalysisRunner will not be running.
RoslynAnalysisRunner has terminated.
Mono: successfully reloaded assembly
- Completed reload, in  0.886 seconds
Platform modules already initialized, skipping
Refreshing native plugins compatible for Editor in 0.35 ms, found 0 plugins.
Preloading 0 native plugins for Editor in 0.00 ms.
Unloading 1184 Unused Serialized files (Serialized files now loaded: 0)
System memory in use before: 62.9 MB.
System memory in use after: 63.0 MB.

Unloading 4 unused Assets to reduce memory usage. Loaded Objects now: 1715.
Total: 2.142000 ms (FindLiveObjects: 0.212300 ms CreateObjectMapping: 0.041300 ms MarkObjects: 1.869600 ms  DeleteObjects: 0.017600 ms)

========================================================================
Received Prepare
Registering precompiled user dll's ...
Registered in 0.000845 seconds.
Begin MonoManager ReloadAssembly
Native extension for WindowsStandalone target not found
Native extension for WebGL target not found
Refreshing native plugins compatible for Editor in 0.25 ms, found 0 plugins.
Preloading 0 native plugins for Editor in 0.00 ms.
Invoked RoslynAnalysisRunner static constructor.
RoslynAnalysisRunner will not be running.
RoslynAnalysisRunner has terminated.
Mono: successfully reloaded assembly
- Completed reload, in  0.887 seconds
Platform modules already initialized, skipping
Refreshing native plugins compatible for Editor in 0.24 ms, found 0 plugins.
Preloading 0 native plugins for Editor in 0.00 ms.
Unloading 1184 Unused Serialized files (Serialized files now loaded: 0)
System memory in use before: 62.9 MB.
System memory in use after: 63.0 MB.

Unloading 4 unused Assets to reduce memory usage. Loaded Objects now: 1717.
Total: 1.731800 ms (FindLiveObjects: 0.173900 ms CreateObjectMapping: 0.033000 ms MarkObjects: 1.510500 ms  DeleteObjects: 0.013500 ms)

========================================================================
Received Prepare
Registering precompiled user dll's ...
Registered in 0.000956 seconds.
Begin MonoManager ReloadAssembly
Native extension for WindowsStandalone target not found
Native extension for WebGL target not found
Refreshing native plugins compatible for Editor in 0.25 ms, found 0 plugins.
Preloading 0 native plugins for Editor in 0.00 ms.
Invoked RoslynAnalysisRunner static constructor.
RoslynAnalysisRunner will not be running.
RoslynAnalysisRunner has terminated.
Mono: successfully reloaded assembly
- Completed reload, in  0.878 seconds
Platform modules already initialized, skipping
Refreshing native plugins compatible for Editor in 0.24 ms, found 0 plugins.
Preloading 0 native plugins for Editor in 0.00 ms.
Unloading 1184 Unused Serialized files (Serialized files now loaded: 0)
System memory in use before: 62.9 MB.
System memory in use after: 63.0 MB.

Unloading 4 unused Assets to reduce memory usage. Loaded Objects now: 1719.
Total: 1.752600 ms (FindLiveObjects: 0.155300 ms CreateObjectMapping: 0.033500 ms MarkObjects: 1.548300 ms  DeleteObjects: 0.014300 ms)

========================================================================
Received Prepare
Registering precompiled user dll's ...
Registered in 0.000863 seconds.
Begin MonoManager ReloadAssembly
Native extension for WindowsStandalone target not found
Native extension for WebGL target not found
Refreshing native plugins compatible for Editor in 0.26 ms, found 0 plugins.
Preloading 0 native plugins for Editor in 0.00 ms.
Invoked RoslynAnalysisRunner static constructor.
RoslynAnalysisRunner will not be running.
RoslynAnalysisRunner has terminated.
Mono: successfully reloaded assembly
- Completed reload, in  0.889 seconds
Platform modules already initialized, skipping
Refreshing native plugins compatible for Editor in 0.25 ms, found 0 plugins.
Preloading 0 native plugins for Editor in 0.00 ms.
Unloading 1184 Unused Serialized files (Serialized files now loaded: 0)
System memory in use before: 62.9 MB.
System memory in use after: 63.0 MB.

Unloading 4 unused Assets to reduce memory usage. Loaded Objects now: 1721.
Total: 1.780400 ms (FindLiveObjects: 0.169700 ms CreateObjectMapping: 0.033300 ms MarkObjects: 1.562000 ms  DeleteObjects: 0.014600 ms)

========================================================================
Received Prepare
Registering precompiled user dll's ...
Registered in 0.000835 seconds.
Begin MonoManager ReloadAssembly
Native extension for WindowsStandalone target not found
Native extension for WebGL target not found
Refreshing native plugins compatible for Editor in 0.25 ms, found 0 plugins.
Preloading 0 native plugins for Editor in 0.00 ms.
Invoked RoslynAnalysisRunner static constructor.
RoslynAnalysisRunner will not be running.
RoslynAnalysisRunner has terminated.
Mono: successfully reloaded assembly
- Completed reload, in  0.878 seconds
Platform modules already initialized, skipping
Refreshing native plugins compatible for Editor in 0.28 ms, found 0 plugins.
Preloading 0 native plugins for Editor in 0.00 ms.
Unloading 1184 Unused Serialized files (Serialized files now loaded: 0)
System memory in use before: 62.9 MB.
System memory in use after: 63.0 MB.

Unloading 4 unused Assets to reduce memory usage. Loaded Objects now: 1723.
Total: 1.780800 ms (FindLiveObjects: 0.161600 ms CreateObjectMapping: 0.032200 ms MarkObjects: 1.571800 ms  DeleteObjects: 0.014300 ms)

========================================================================
Received Prepare
Registering precompiled user dll's ...
Registered in 0.000941 seconds.
Begin MonoManager ReloadAssembly
Native extension for WindowsStandalone target not found
Native extension for WebGL target not found
Refreshing native plugins compatible for Editor in 0.25 ms, found 0 plugins.
Preloading 0 native plugins for Editor in 0.00 ms.
Invoked RoslynAnalysisRunner static constructor.
RoslynAnalysisRunner will not be running.
RoslynAnalysisRunner has terminated.
Mono: successfully reloaded assembly
- Completed reload, in  0.903 seconds
Platform modules already initialized, skipping
Refreshing native plugins compatible for Editor in 0.25 ms, found 0 plugins.
Preloading 0 native plugins for Editor in 0.00 ms.
Unloading 1184 Unused Serialized files (Serialized files now loaded: 0)
System memory in use before: 62.9 MB.
System memory in use after: 63.0 MB.

Unloading 4 unused Assets to reduce memory usage. Loaded Objects now: 1725.
Total: 1.826200 ms (FindLiveObjects: 0.173400 ms CreateObjectMapping: 0.034000 ms MarkObjects: 1.604500 ms  DeleteObjects: 0.013400 ms)

========================================================================
Received Import Request.
  Time since last request: 928.974656 seconds.
  path: Assets/Scenes/Proves.unity
  artifactKey: Guid(525706b9e8cac45448ea3ae75c9247dc) Importer(815301076,1909f56bfc062723c751e8b465ee728b)
Start importing Assets/Scenes/Proves.unity using Guid(525706b9e8cac45448ea3ae75c9247dc) Importer(815301076,1909f56bfc062723c751e8b465ee728b)  -> (artifact id: 'deb9996a4ba802e36d4e3d9d3a40f117') in 0.013167 seconds
  Import took 0.015683 seconds .

========================================================================
Received Import Request.
  Time since last request: 22.120137 seconds.
  path: Assets/Prefabs/enemypocho.prefab
  artifactKey: Guid(13f44ddb6df3a1a4b8ef59451d9a60f8) Importer(815301076,1909f56bfc062723c751e8b465ee728b)
Start importing Assets/Prefabs/enemypocho.prefab using Guid(13f44ddb6df3a1a4b8ef59451d9a60f8) Importer(815301076,1909f56bfc062723c751e8b465ee728b)  -> (artifact id: '3237287a243a0a41f7d0e3dcb0b8d811') in 0.054261 seconds
  Import took 0.056850 seconds .

========================================================================
Received Import Request.
  Time since last request: 0.003982 seconds.
  path: Assets/Prefabs/enemypocho.prefab
  artifactKey: Guid(13f44ddb6df3a1a4b8ef59451d9a60f8) Importer(815301076,1909f56bfc062723c751e8b465ee728b)
Start importing Assets/Prefabs/enemypocho.prefab using Guid(13f44ddb6df3a1a4b8ef59451d9a60f8) Importer(815301076,1909f56bfc062723c751e8b465ee728b)  -> (artifact id: '3237287a243a0a41f7d0e3dcb0b8d811') in 0.010651 seconds
  Import took 0.013056 seconds .

========================================================================
Received Import Request.
  Time since last request: 5.693876 seconds.
  path: Assets/Scenes/SampleScene.unity
  artifactKey: Guid(2cda990e2423bbf4892e6590ba056729) Importer(815301076,1909f56bfc062723c751e8b465ee728b)
Start importing Assets/Scenes/SampleScene.unity using Guid(2cda990e2423bbf4892e6590ba056729) Importer(815301076,1909f56bfc062723c751e8b465ee728b)  -> (artifact id: '12e1ce0dc000254c2f09bbe99a46548a') in 0.004380 seconds
  Import took 0.006705 seconds .

========================================================================
Received Prepare
Registering precompiled user dll's ...
Registered in 0.001034 seconds.
Begin MonoManager ReloadAssembly
Native extension for WindowsStandalone target not found
Native extension for WebGL target not found
Refreshing native plugins compatible for Editor in 0.25 ms, found 0 plugins.
Preloading 0 native plugins for Editor in 0.00 ms.
Invoked RoslynAnalysisRunner static constructor.
RoslynAnalysisRunner will not be running.
RoslynAnalysisRunner has terminated.
Mono: successfully reloaded assembly
- Completed reload, in  0.878 seconds
Platform modules already initialized, skipping
Refreshing native plugins compatible for Editor in 0.25 ms, found 0 plugins.
Preloading 0 native plugins for Editor in 0.00 ms.
Unloading 1184 Unused Serialized files (Serialized files now loaded: 0)
System memory in use before: 62.9 MB.
System memory in use after: 63.0 MB.

Unloading 4 unused Assets to reduce memory usage. Loaded Objects now: 1728.
Total: 1.753700 ms (FindLiveObjects: 0.163200 ms CreateObjectMapping: 0.033600 ms MarkObjects: 1.542600 ms  DeleteObjects: 0.013300 ms)

========================================================================
Received Prepare
Registering precompiled user dll's ...
Registered in 0.000806 seconds.
Begin MonoManager ReloadAssembly
Native extension for WindowsStandalone target not found
Native extension for WebGL target not found
Refreshing native plugins compatible for Editor in 0.23 ms, found 0 plugins.
Preloading 0 native plugins for Editor in 0.00 ms.
Invoked RoslynAnalysisRunner static constructor.
RoslynAnalysisRunner will not be running.
RoslynAnalysisRunner has terminated.
Mono: successfully reloaded assembly
- Completed reload, in  0.874 seconds
Platform modules already initialized, skipping
Refreshing native plugins compatible for Editor in 0.25 ms, found 0 plugins.
Preloading 0 native plugins for Editor in 0.00 ms.
Unloading 1184 Unused Serialized files (Serialized files now loaded: 0)
System memory in use before: 62.9 MB.
System memory in use after: 63.0 MB.

Unloading 4 unused Assets to reduce memory usage. Loaded Objects now: 1730.
Total: 1.786300 ms (FindLiveObjects: 0.177600 ms CreateObjectMapping: 0.033100 ms MarkObjects: 1.560000 ms  DeleteObjects: 0.014600 ms)

========================================================================
Received Prepare
Registering precompiled user dll's ...
Registered in 0.001009 seconds.
Begin MonoManager ReloadAssembly
Native extension for WindowsStandalone target not found
Native extension for WebGL target not found
Refreshing native plugins compatible for Editor in 0.25 ms, found 0 plugins.
Preloading 0 native plugins for Editor in 0.00 ms.
Invoked RoslynAnalysisRunner static constructor.
RoslynAnalysisRunner will not be running.
RoslynAnalysisRunner has terminated.
Mono: successfully reloaded assembly
- Completed reload, in  0.916 seconds
Platform modules already initialized, skipping
Refreshing native plugins compatible for Editor in 0.31 ms, found 0 plugins.
Preloading 0 native plugins for Editor in 0.00 ms.
Unloading 1184 Unused Serialized files (Serialized files now loaded: 0)
System memory in use before: 62.9 MB.
System memory in use after: 63.0 MB.

Unloading 4 unused Assets to reduce memory usage. Loaded Objects now: 1732.
Total: 1.798500 ms (FindLiveObjects: 0.172600 ms CreateObjectMapping: 0.032600 ms MarkObjects: 1.578600 ms  DeleteObjects: 0.013500 ms)

========================================================================
Received Import Request.
  Time since last request: 751.726795 seconds.
  path: Assets/Prefabs/Characters/Chavalry.prefab
  artifactKey: Guid(c9a98d89d4123394ba6876b0bf123316) Importer(815301076,1909f56bfc062723c751e8b465ee728b)
Start importing Assets/Prefabs/Characters/Chavalry.prefab using Guid(c9a98d89d4123394ba6876b0bf123316) Importer(815301076,1909f56bfc062723c751e8b465ee728b)  -> (artifact id: 'de5c4c3cfd029d73571acc311c6243d0') in 0.069688 seconds
  Import took 0.072594 seconds .

========================================================================
Received Import Request.
  Time since last request: 93.796028 seconds.
  path: Assets/Scenes/Proves.unity
  artifactKey: Guid(525706b9e8cac45448ea3ae75c9247dc) Importer(815301076,1909f56bfc062723c751e8b465ee728b)
Start importing Assets/Scenes/Proves.unity using Guid(525706b9e8cac45448ea3ae75c9247dc) Importer(815301076,1909f56bfc062723c751e8b465ee728b)  -> (artifact id: '3e4949297ae40d55691aae503c1fa852') in 0.004672 seconds
  Import took 0.007112 seconds .

========================================================================
Received Import Request.
  Time since last request: 0.000403 seconds.
  path: Assets/Scenes/Proves.unity
  artifactKey: Guid(525706b9e8cac45448ea3ae75c9247dc) Importer(815301076,1909f56bfc062723c751e8b465ee728b)
Start importing Assets/Scenes/Proves.unity using Guid(525706b9e8cac45448ea3ae75c9247dc) Importer(815301076,1909f56bfc062723c751e8b465ee728b)  -> (artifact id: '3e4949297ae40d55691aae503c1fa852') in 0.003992 seconds
  Import took 0.006081 seconds .

========================================================================
Received Prepare
Registering precompiled user dll's ...
Registered in 0.000987 seconds.
Begin MonoManager ReloadAssembly
Native extension for WindowsStandalone target not found
Native extension for WebGL target not found
Refreshing native plugins compatible for Editor in 0.25 ms, found 0 plugins.
Preloading 0 native plugins for Editor in 0.00 ms.
Invoked RoslynAnalysisRunner static constructor.
RoslynAnalysisRunner will not be running.
RoslynAnalysisRunner has terminated.
Mono: successfully reloaded assembly
- Completed reload, in  0.877 seconds
Platform modules already initialized, skipping
Refreshing native plugins compatible for Editor in 0.25 ms, found 0 plugins.
Preloading 0 native plugins for Editor in 0.00 ms.
Unloading 1184 Unused Serialized files (Serialized files now loaded: 0)
System memory in use before: 63.0 MB.
System memory in use after: 63.1 MB.

Unloading 4 unused Assets to reduce memory usage. Loaded Objects now: 1735.
Total: 1.805800 ms (FindLiveObjects: 0.169500 ms CreateObjectMapping: 0.033300 ms MarkObjects: 1.586900 ms  DeleteObjects: 0.015200 ms)

========================================================================
Received Prepare
Registering precompiled user dll's ...
Registered in 0.000895 seconds.
Begin MonoManager ReloadAssembly
Native extension for WindowsStandalone target not found
Native extension for WebGL target not found
Refreshing native plugins compatible for Editor in 0.25 ms, found 0 plugins.
Preloading 0 native plugins for Editor in 0.00 ms.
Invoked RoslynAnalysisRunner static constructor.
RoslynAnalysisRunner will not be running.
RoslynAnalysisRunner has terminated.
Mono: successfully reloaded assembly
- Completed reload, in  0.882 seconds
Platform modules already initialized, skipping
Refreshing native plugins compatible for Editor in 0.26 ms, found 0 plugins.
Preloading 0 native plugins for Editor in 0.00 ms.
Unloading 1184 Unused Serialized files (Serialized files now loaded: 0)
System memory in use before: 63.0 MB.
System memory in use after: 63.1 MB.

Unloading 4 unused Assets to reduce memory usage. Loaded Objects now: 1737.
Total: 1.792900 ms (FindLiveObjects: 0.159200 ms CreateObjectMapping: 0.033800 ms MarkObjects: 1.585100 ms  DeleteObjects: 0.013700 ms)

========================================================================
Received Prepare
Registering precompiled user dll's ...
Registered in 0.000954 seconds.
Begin MonoManager ReloadAssembly
Native extension for WindowsStandalone target not found
Native extension for WebGL target not found
Refreshing native plugins compatible for Editor in 0.25 ms, found 0 plugins.
Preloading 0 native plugins for Editor in 0.00 ms.
Invoked RoslynAnalysisRunner static constructor.
RoslynAnalysisRunner will not be running.
RoslynAnalysisRunner has terminated.
Mono: successfully reloaded assembly
- Completed reload, in  0.885 seconds
Platform modules already initialized, skipping
Refreshing native plugins compatible for Editor in 0.24 ms, found 0 plugins.
Preloading 0 native plugins for Editor in 0.00 ms.
Unloading 1184 Unused Serialized files (Serialized files now loaded: 0)
System memory in use before: 63.1 MB.
System memory in use after: 63.2 MB.

Unloading 4 unused Assets to reduce memory usage. Loaded Objects now: 1739.
Total: 1.730800 ms (FindLiveObjects: 0.166100 ms CreateObjectMapping: 0.031800 ms MarkObjects: 1.517700 ms  DeleteObjects: 0.014000 ms)

========================================================================
Received Prepare
Registering precompiled user dll's ...
Registered in 0.001042 seconds.
Begin MonoManager ReloadAssembly
Native extension for WindowsStandalone target not found
Native extension for WebGL target not found
Refreshing native plugins compatible for Editor in 0.27 ms, found 0 plugins.
Preloading 0 native plugins for Editor in 0.00 ms.
Invoked RoslynAnalysisRunner static constructor.
RoslynAnalysisRunner will not be running.
RoslynAnalysisRunner has terminated.
Mono: successfully reloaded assembly
- Completed reload, in  0.921 seconds
Platform modules already initialized, skipping
Refreshing native plugins compatible for Editor in 0.27 ms, found 0 plugins.
Preloading 0 native plugins for Editor in 0.00 ms.
Unloading 1184 Unused Serialized files (Serialized files now loaded: 0)
System memory in use before: 63.1 MB.
System memory in use after: 63.2 MB.

Unloading 4 unused Assets to reduce memory usage. Loaded Objects now: 1741.
Total: 1.914700 ms (FindLiveObjects: 0.183500 ms CreateObjectMapping: 0.033800 ms MarkObjects: 1.677200 ms  DeleteObjects: 0.018900 ms)

========================================================================
Received Prepare
Registering precompiled user dll's ...
Registered in 0.001042 seconds.
Begin MonoManager ReloadAssembly
Native extension for WindowsStandalone target not found
Native extension for WebGL target not found
Refreshing native plugins compatible for Editor in 0.29 ms, found 0 plugins.
Preloading 0 native plugins for Editor in 0.00 ms.
Invoked RoslynAnalysisRunner static constructor.
RoslynAnalysisRunner will not be running.
RoslynAnalysisRunner has terminated.
Mono: successfully reloaded assembly
- Completed reload, in  0.920 seconds
Platform modules already initialized, skipping
Refreshing native plugins compatible for Editor in 0.25 ms, found 0 plugins.
Preloading 0 native plugins for Editor in 0.00 ms.
Unloading 1184 Unused Serialized files (Serialized files now loaded: 0)
System memory in use before: 63.1 MB.
System memory in use after: 63.2 MB.

Unloading 4 unused Assets to reduce memory usage. Loaded Objects now: 1743.
Total: 1.899000 ms (FindLiveObjects: 0.170800 ms CreateObjectMapping: 0.033200 ms MarkObjects: 1.677700 ms  DeleteObjects: 0.016000 ms)

========================================================================
Received Import Request.
  Time since last request: 848.378653 seconds.
  path: Assets/Scenes/Proves.unity
  artifactKey: Guid(525706b9e8cac45448ea3ae75c9247dc) Importer(815301076,1909f56bfc062723c751e8b465ee728b)
Start importing Assets/Scenes/Proves.unity using Guid(525706b9e8cac45448ea3ae75c9247dc) Importer(815301076,1909f56bfc062723c751e8b465ee728b)  -> (artifact id: '6ef06f97be891eb4778478601d592019') in 0.014519 seconds
  Import took 0.017711 seconds .

========================================================================
Received Prepare
Registering precompiled user dll's ...
Registered in 0.000931 seconds.
Begin MonoManager ReloadAssembly
Native extension for WindowsStandalone target not found
Native extension for WebGL target not found
Refreshing native plugins compatible for Editor in 0.30 ms, found 0 plugins.
Preloading 0 native plugins for Editor in 0.00 ms.
Invoked RoslynAnalysisRunner static constructor.
RoslynAnalysisRunner will not be running.
RoslynAnalysisRunner has terminated.
Mono: successfully reloaded assembly
- Completed reload, in  0.933 seconds
Platform modules already initialized, skipping
Refreshing native plugins compatible for Editor in 0.24 ms, found 0 plugins.
Preloading 0 native plugins for Editor in 0.00 ms.
Unloading 1184 Unused Serialized files (Serialized files now loaded: 0)
System memory in use before: 63.1 MB.
System memory in use after: 63.2 MB.

Unloading 4 unused Assets to reduce memory usage. Loaded Objects now: 1745.
Total: 2.050700 ms (FindLiveObjects: 0.203900 ms CreateObjectMapping: 0.033800 ms MarkObjects: 1.793900 ms  DeleteObjects: 0.017900 ms)

========================================================================
Received Prepare
Registering precompiled user dll's ...
Registered in 0.001242 seconds.
Begin MonoManager ReloadAssembly
Native extension for WindowsStandalone target not found
Native extension for WebGL target not found
Refreshing native plugins compatible for Editor in 0.38 ms, found 0 plugins.
Preloading 0 native plugins for Editor in 0.00 ms.
Invoked RoslynAnalysisRunner static constructor.
RoslynAnalysisRunner will not be running.
RoslynAnalysisRunner has terminated.
Mono: successfully reloaded assembly
- Completed reload, in  0.983 seconds
Platform modules already initialized, skipping
Refreshing native plugins compatible for Editor in 0.28 ms, found 0 plugins.
Preloading 0 native plugins for Editor in 0.00 ms.
Unloading 1184 Unused Serialized files (Serialized files now loaded: 0)
System memory in use before: 63.1 MB.
System memory in use after: 63.2 MB.

Unloading 4 unused Assets to reduce memory usage. Loaded Objects now: 1747.
Total: 2.464200 ms (FindLiveObjects: 0.177900 ms CreateObjectMapping: 0.034400 ms MarkObjects: 2.227300 ms  DeleteObjects: 0.023300 ms)

AssetImportWorkerClient::OnTransportError - code=2 error=End of file
